[1.786s] Invoking command in '/home/mohak2312/ROS2_JetsonCar/src/robosim': PYTHONPATH=/home/mohak2312/ROS2_JetsonCar/install/robosim/lib/python3.6/site-packages: /usr/bin/python3 setup.py egg_info --egg-base ../../build/robosim build --build-base /home/mohak2312/ROS2_JetsonCar/build/robosim/build install --prefix /home/mohak2312/ROS2_JetsonCar/install/robosim --record /home/mohak2312/ROS2_JetsonCar/build/robosim/install.log --single-version-externally-managed
[3.104s] /home/mohak2312/.local/lib/python3.6/site-packages/setuptools/dist.py:645: UserWarning: Usage of dash-separated 'script-dir' will not be supported in future versions. Please use the underscore name 'script_dir' instead
[3.105s]   % (opt, underscore_opt))
[3.106s] /home/mohak2312/.local/lib/python3.6/site-packages/setuptools/dist.py:645: UserWarning: Usage of dash-separated 'install-scripts' will not be supported in future versions. Please use the underscore name 'install_scripts' instead
[3.106s]   % (opt, underscore_opt))
[3.295s] running egg_info
[3.298s] writing ../../build/robosim/robosim.egg-info/PKG-INFO
[3.301s] writing dependency_links to ../../build/robosim/robosim.egg-info/dependency_links.txt
[3.301s] writing entry points to ../../build/robosim/robosim.egg-info/entry_points.txt
[3.302s] writing requirements to ../../build/robosim/robosim.egg-info/requires.txt
[3.303s] writing top-level names to ../../build/robosim/robosim.egg-info/top_level.txt
[3.555s] reading manifest file '../../build/robosim/robosim.egg-info/SOURCES.txt'
[3.562s] writing manifest file '../../build/robosim/robosim.egg-info/SOURCES.txt'
[3.563s] running build
[3.564s] running build_py
[3.587s] copying robosim/robot_simulator.py -> /home/mohak2312/ROS2_JetsonCar/build/robosim/build/lib/robosim
[3.590s] copying robosim/robot_controller.py -> /home/mohak2312/ROS2_JetsonCar/build/robosim/build/lib/robosim
[3.591s] running install
[3.593s] running install_lib
[3.604s] copying /home/mohak2312/ROS2_JetsonCar/build/robosim/build/lib/robosim/robot_simulator.py -> /home/mohak2312/ROS2_JetsonCar/install/robosim/lib/python3.6/site-packages/robosim
[3.607s] copying /home/mohak2312/ROS2_JetsonCar/build/robosim/build/lib/robosim/robot_controller.py -> /home/mohak2312/ROS2_JetsonCar/install/robosim/lib/python3.6/site-packages/robosim
[3.613s] byte-compiling /home/mohak2312/ROS2_JetsonCar/install/robosim/lib/python3.6/site-packages/robosim/robot_simulator.py to robot_simulator.cpython-36.pyc
[3.617s] byte-compiling /home/mohak2312/ROS2_JetsonCar/install/robosim/lib/python3.6/site-packages/robosim/robot_controller.py to robot_controller.cpython-36.pyc
[3.621s] running install_data
[3.627s] running install_egg_info
[3.637s] removing '/home/mohak2312/ROS2_JetsonCar/install/robosim/lib/python3.6/site-packages/robosim-0.0.0-py3.6.egg-info' (and everything under it)
[3.641s] Copying ../../build/robosim/robosim.egg-info to /home/mohak2312/ROS2_JetsonCar/install/robosim/lib/python3.6/site-packages/robosim-0.0.0-py3.6.egg-info
[3.646s] running install_scripts
[3.743s] Installing listener script to /home/mohak2312/ROS2_JetsonCar/install/robosim/lib/robosim
[3.744s] Installing talker script to /home/mohak2312/ROS2_JetsonCar/install/robosim/lib/robosim
[3.747s] writing list of installed files to '/home/mohak2312/ROS2_JetsonCar/build/robosim/install.log'
[3.860s] Invoked command in '/home/mohak2312/ROS2_JetsonCar/src/robosim' returned '0': PYTHONPATH=/home/mohak2312/ROS2_JetsonCar/install/robosim/lib/python3.6/site-packages: /usr/bin/python3 setup.py egg_info --egg-base ../../build/robosim build --build-base /home/mohak2312/ROS2_JetsonCar/build/robosim/build install --prefix /home/mohak2312/ROS2_JetsonCar/install/robosim --record /home/mohak2312/ROS2_JetsonCar/build/robosim/install.log --single-version-externally-managed
