[2.259s] DEBUG:colcon:Command line arguments: ['/usr/bin/colcon', 'build', '--packages-select', 'robosim']
[2.260s] DEBUG:colcon:Parsed command line arguments: Namespace(ament_cmake_args=None, base_paths=['.'], build_base='build', catkin_cmake_args=None, catkin_skip_building_tests=False, cmake_args=None, cmake_clean_cache=False, cmake_clean_first=False, cmake_force_configure=False, cmake_target=None, cmake_target_skip_unavailable=False, continue_on_error=False, event_handlers=None, executor='parallel', ignore_user_meta=False, install_base='install', log_base=None, log_level=None, main=<bound method BuildVerb.main of <colcon_core.verb.build.BuildVerb object at 0x7f7b9b96d8>>, merge_install=False, metas=['./colcon.meta'], packages_above=None, packages_above_and_dependencies=None, packages_above_depth=None, packages_end=None, packages_ignore=None, packages_ignore_regex=None, packages_select=['robosim'], packages_select_build_failed=False, packages_select_by_dep=None, packages_select_regex=None, packages_select_test_failures=False, packages_skip=None, packages_skip_build_finished=False, packages_skip_by_dep=None, packages_skip_regex=None, packages_skip_test_passed=False, packages_skip_up_to=None, packages_start=None, packages_up_to=None, packages_up_to_regex=None, parallel_workers=4, paths=None, symlink_install=False, test_result_base=None, verb_extension=<colcon_core.verb.build.BuildVerb object at 0x7f7b9b96d8>, verb_name='build', verb_parser=<colcon_defaults.argument_parser.defaults.DefaultArgumentsDecorator object at 0x7f7b9b9a58>)
[2.301s] Level 1:colcon.colcon_core.package_discovery:discover_packages(colcon_meta) check parameters
[2.302s] Level 1:colcon.colcon_core.package_discovery:discover_packages(recursive) check parameters
[2.302s] Level 1:colcon.colcon_core.package_discovery:discover_packages(ignore) check parameters
[2.302s] Level 1:colcon.colcon_core.package_discovery:discover_packages(path) check parameters
[2.303s] Level 1:colcon.colcon_core.package_discovery:discover_packages(colcon_meta) discover
[2.304s] Level 1:colcon.colcon_core.package_discovery:discover_packages(recursive) discover
[2.305s] INFO:colcon.colcon_core.package_discovery:Crawling recursively for packages in '/home/mohak2312/ROS2_JetsonCar'
[2.305s] Level 1:colcon.colcon_core.package_identification:_identify(.) by extensions ['ignore', 'ignore_ament_install']
[2.306s] Level 1:colcon.colcon_core.package_identification:_identify(.) by extension 'ignore'
[2.306s] Level 1:colcon.colcon_core.package_identification:_identify(.) by extension 'ignore_ament_install'
[2.306s] Level 1:colcon.colcon_core.package_identification:_identify(.) by extensions ['colcon_pkg']
[2.307s] Level 1:colcon.colcon_core.package_identification:_identify(.) by extension 'colcon_pkg'
[2.307s] Level 1:colcon.colcon_core.package_identification:_identify(.) by extensions ['colcon_meta']
[2.307s] Level 1:colcon.colcon_core.package_identification:_identify(.) by extension 'colcon_meta'
[2.307s] Level 1:colcon.colcon_core.package_identification:_identify(.) by extensions ['ros']
[2.308s] Level 1:colcon.colcon_core.package_identification:_identify(.) by extension 'ros'
[2.388s] Level 1:colcon.colcon_core.package_identification:_identify(.) by extensions ['cmake', 'python']
[2.388s] Level 1:colcon.colcon_core.package_identification:_identify(.) by extension 'cmake'
[2.388s] Level 1:colcon.colcon_core.package_identification:_identify(.) by extension 'python'
[2.389s] Level 1:colcon.colcon_core.package_identification:_identify(.) by extensions ['python_setup_py']
[2.389s] Level 1:colcon.colcon_core.package_identification:_identify(.) by extension 'python_setup_py'
[2.390s] Level 1:colcon.colcon_core.package_identification:_identify(build) by extensions ['ignore', 'ignore_ament_install']
[2.390s] Level 1:colcon.colcon_core.package_identification:_identify(build) by extension 'ignore'
[2.391s] Level 1:colcon.colcon_core.package_identification:_identify(build) ignored
[2.393s] Level 1:colcon.colcon_core.package_identification:_identify(install) by extensions ['ignore', 'ignore_ament_install']
[2.393s] Level 1:colcon.colcon_core.package_identification:_identify(install) by extension 'ignore'
[2.393s] Level 1:colcon.colcon_core.package_identification:_identify(install) ignored
[2.395s] Level 1:colcon.colcon_core.package_identification:_identify(log) by extensions ['ignore', 'ignore_ament_install']
[2.395s] Level 1:colcon.colcon_core.package_identification:_identify(log) by extension 'ignore'
[2.396s] Level 1:colcon.colcon_core.package_identification:_identify(log) ignored
[2.396s] Level 1:colcon.colcon_core.package_identification:_identify(src) by extensions ['ignore', 'ignore_ament_install']
[2.397s] Level 1:colcon.colcon_core.package_identification:_identify(src) by extension 'ignore'
[2.397s] Level 1:colcon.colcon_core.package_identification:_identify(src) by extension 'ignore_ament_install'
[2.398s] Level 1:colcon.colcon_core.package_identification:_identify(src) by extensions ['colcon_pkg']
[2.398s] Level 1:colcon.colcon_core.package_identification:_identify(src) by extension 'colcon_pkg'
[2.398s] Level 1:colcon.colcon_core.package_identification:_identify(src) by extensions ['colcon_meta']
[2.398s] Level 1:colcon.colcon_core.package_identification:_identify(src) by extension 'colcon_meta'
[2.399s] Level 1:colcon.colcon_core.package_identification:_identify(src) by extensions ['ros']
[2.399s] Level 1:colcon.colcon_core.package_identification:_identify(src) by extension 'ros'
[2.400s] Level 1:colcon.colcon_core.package_identification:_identify(src) by extensions ['cmake', 'python']
[2.400s] Level 1:colcon.colcon_core.package_identification:_identify(src) by extension 'cmake'
[2.400s] Level 1:colcon.colcon_core.package_identification:_identify(src) by extension 'python'
[2.400s] Level 1:colcon.colcon_core.package_identification:_identify(src) by extensions ['python_setup_py']
[2.401s] Level 1:colcon.colcon_core.package_identification:_identify(src) by extension 'python_setup_py'
[2.401s] Level 1:colcon.colcon_core.package_identification:_identify(src/robosim) by extensions ['ignore', 'ignore_ament_install']
[2.402s] Level 1:colcon.colcon_core.package_identification:_identify(src/robosim) by extension 'ignore'
[2.402s] Level 1:colcon.colcon_core.package_identification:_identify(src/robosim) by extension 'ignore_ament_install'
[2.403s] Level 1:colcon.colcon_core.package_identification:_identify(src/robosim) by extensions ['colcon_pkg']
[2.403s] Level 1:colcon.colcon_core.package_identification:_identify(src/robosim) by extension 'colcon_pkg'
[2.403s] Level 1:colcon.colcon_core.package_identification:_identify(src/robosim) by extensions ['colcon_meta']
[2.403s] Level 1:colcon.colcon_core.package_identification:_identify(src/robosim) by extension 'colcon_meta'
[2.404s] Level 1:colcon.colcon_core.package_identification:_identify(src/robosim) by extensions ['ros']
[2.404s] Level 1:colcon.colcon_core.package_identification:_identify(src/robosim) by extension 'ros'
[2.420s] DEBUG:colcon.colcon_core.package_identification:Package 'src/robosim' with type 'ros.ament_python' and name 'robosim'
[2.420s] Level 1:colcon.colcon_core.package_discovery:discover_packages(recursive) using defaults
[2.421s] Level 1:colcon.colcon_core.package_discovery:discover_packages(ignore) discover
[2.422s] Level 1:colcon.colcon_core.package_discovery:discover_packages(ignore) using defaults
[2.422s] Level 1:colcon.colcon_core.package_discovery:discover_packages(path) discover
[2.422s] Level 1:colcon.colcon_core.package_discovery:discover_packages(path) using defaults
[2.617s] Level 5:colcon.colcon_core.verb:set package 'robosim' build argument 'cmake_args' from command line to 'None'
[2.617s] Level 5:colcon.colcon_core.verb:set package 'robosim' build argument 'cmake_target' from command line to 'None'
[2.617s] Level 5:colcon.colcon_core.verb:set package 'robosim' build argument 'cmake_target_skip_unavailable' from command line to 'False'
[2.617s] Level 5:colcon.colcon_core.verb:set package 'robosim' build argument 'cmake_clean_cache' from command line to 'False'
[2.618s] Level 5:colcon.colcon_core.verb:set package 'robosim' build argument 'cmake_clean_first' from command line to 'False'
[2.618s] Level 5:colcon.colcon_core.verb:set package 'robosim' build argument 'cmake_force_configure' from command line to 'False'
[2.618s] Level 5:colcon.colcon_core.verb:set package 'robosim' build argument 'ament_cmake_args' from command line to 'None'
[2.618s] Level 5:colcon.colcon_core.verb:set package 'robosim' build argument 'catkin_cmake_args' from command line to 'None'
[2.619s] Level 5:colcon.colcon_core.verb:set package 'robosim' build argument 'catkin_skip_building_tests' from command line to 'False'
[2.619s] DEBUG:colcon.colcon_core.verb:Building package 'robosim' with the following arguments: {'ament_cmake_args': None, 'build_base': '/home/mohak2312/ROS2_JetsonCar/build/robosim', 'catkin_cmake_args': None, 'catkin_skip_building_tests': False, 'cmake_args': None, 'cmake_clean_cache': False, 'cmake_clean_first': False, 'cmake_force_configure': False, 'cmake_target': None, 'cmake_target_skip_unavailable': False, 'install_base': '/home/mohak2312/ROS2_JetsonCar/install/robosim', 'merge_install': False, 'path': '/home/mohak2312/ROS2_JetsonCar/src/robosim', 'symlink_install': False, 'test_result_base': None}
[2.621s] INFO:colcon.colcon_core.executor:Executing jobs using 'parallel' executor
[2.634s] DEBUG:colcon.colcon_parallel_executor.executor.parallel:run_until_complete
[2.635s] INFO:colcon.colcon_ros.task.ament_python.build:Building ROS package in '/home/mohak2312/ROS2_JetsonCar/src/robosim' with build type 'ament_python'
[2.636s] Level 1:colcon.colcon_core.shell:create_environment_hook('robosim', 'ament_prefix_path')
[2.663s] INFO:colcon.colcon_core.plugin_system:Skipping extension 'colcon_core.shell.bat': Not used on non-Windows systems
[2.665s] INFO:colcon.colcon_core.shell:Creating environment hook '/home/mohak2312/ROS2_JetsonCar/install/robosim/share/robosim/hook/ament_prefix_path.ps1'
[2.670s] INFO:colcon.colcon_core.shell:Creating environment descriptor '/home/mohak2312/ROS2_JetsonCar/install/robosim/share/robosim/hook/ament_prefix_path.dsv'
[2.673s] INFO:colcon.colcon_core.shell:Creating environment hook '/home/mohak2312/ROS2_JetsonCar/install/robosim/share/robosim/hook/ament_prefix_path.sh'
[2.681s] INFO:colcon.colcon_core.shell:Skip shell extension 'powershell' for command environment: Not usable outside of PowerShell
[2.682s] DEBUG:colcon.colcon_core.shell:Skip shell extension 'dsv' for command environment
[4.150s] INFO:colcon.colcon_core.task.python.build:Building Python package in '/home/mohak2312/ROS2_JetsonCar/src/robosim'
[4.154s] INFO:colcon.colcon_core.shell:Skip shell extension 'powershell' for command environment: Not usable outside of PowerShell
[4.155s] DEBUG:colcon.colcon_core.shell:Skip shell extension 'dsv' for command environment
[4.190s] DEBUG:colcon.colcon_core.event_handler.log_command:Invoking command in '/home/mohak2312/ROS2_JetsonCar/src/robosim': PYTHONPATH=/home/mohak2312/ROS2_JetsonCar/install/robosim/lib/python3.6/site-packages: /usr/bin/python3 setup.py egg_info --egg-base ../../build/robosim build --build-base /home/mohak2312/ROS2_JetsonCar/build/robosim/build install --prefix /home/mohak2312/ROS2_JetsonCar/install/robosim --record /home/mohak2312/ROS2_JetsonCar/build/robosim/install.log --single-version-externally-managed
[6.084s] DEBUG:colcon.colcon_core.event_handler.log_command:Invoked command in '/home/mohak2312/ROS2_JetsonCar/src/robosim' returned '0': PYTHONPATH=/home/mohak2312/ROS2_JetsonCar/install/robosim/lib/python3.6/site-packages: /usr/bin/python3 setup.py egg_info --egg-base ../../build/robosim build --build-base /home/mohak2312/ROS2_JetsonCar/build/robosim/build install --prefix /home/mohak2312/ROS2_JetsonCar/install/robosim --record /home/mohak2312/ROS2_JetsonCar/build/robosim/install.log --single-version-externally-managed
[6.106s] Level 1:colcon.colcon_core.environment:checking '/home/mohak2312/ROS2_JetsonCar/install/robosim' for CMake module files
[6.110s] Level 1:colcon.colcon_core.environment:checking '/home/mohak2312/ROS2_JetsonCar/install/robosim' for CMake config files
[6.115s] Level 1:colcon.colcon_core.environment:checking '/home/mohak2312/ROS2_JetsonCar/install/robosim/lib'
[6.116s] Level 1:colcon.colcon_core.environment:checking '/home/mohak2312/ROS2_JetsonCar/install/robosim/bin'
[6.117s] Level 1:colcon.colcon_core.environment:checking '/home/mohak2312/ROS2_JetsonCar/install/robosim/lib/pkgconfig/robosim.pc'
[6.117s] Level 1:colcon.colcon_core.environment:checking '/home/mohak2312/ROS2_JetsonCar/install/robosim/lib/python3.6/site-packages'
[6.118s] Level 1:colcon.colcon_core.shell:create_environment_hook('robosim', 'pythonpath')
[6.122s] INFO:colcon.colcon_core.shell:Creating environment hook '/home/mohak2312/ROS2_JetsonCar/install/robosim/share/robosim/hook/pythonpath.ps1'
[6.124s] INFO:colcon.colcon_core.shell:Creating environment descriptor '/home/mohak2312/ROS2_JetsonCar/install/robosim/share/robosim/hook/pythonpath.dsv'
[6.126s] INFO:colcon.colcon_core.shell:Creating environment hook '/home/mohak2312/ROS2_JetsonCar/install/robosim/share/robosim/hook/pythonpath.sh'
[6.128s] Level 1:colcon.colcon_core.environment:create_environment_scripts_only(robosim)
[6.132s] INFO:colcon.colcon_core.shell:Creating package script '/home/mohak2312/ROS2_JetsonCar/install/robosim/share/robosim/package.ps1'
[6.138s] INFO:colcon.colcon_core.shell:Creating package descriptor '/home/mohak2312/ROS2_JetsonCar/install/robosim/share/robosim/package.dsv'
[6.142s] INFO:colcon.colcon_core.shell:Creating package script '/home/mohak2312/ROS2_JetsonCar/install/robosim/share/robosim/package.sh'
[6.148s] INFO:colcon.colcon_core.shell:Creating package script '/home/mohak2312/ROS2_JetsonCar/install/robosim/share/robosim/package.bash'
[6.154s] INFO:colcon.colcon_core.shell:Creating package script '/home/mohak2312/ROS2_JetsonCar/install/robosim/share/robosim/package.zsh'
[6.160s] Level 1:colcon.colcon_core.environment:create_file_with_runtime_dependencies(/home/mohak2312/ROS2_JetsonCar/install/robosim/share/colcon-core/packages/robosim)
[6.161s] DEBUG:colcon.colcon_parallel_executor.executor.parallel:closing loop
[6.163s] DEBUG:colcon.colcon_parallel_executor.executor.parallel:loop closed
[6.164s] DEBUG:colcon.colcon_parallel_executor.executor.parallel:run_until_complete finished with '0'
[6.164s] DEBUG:colcon.colcon_core.event_reactor:joining thread
[6.207s] INFO:colcon.colcon_core.plugin_system:Skipping extension 'colcon_notification.desktop_notification.terminal_notifier': Not used on non-Darwin systems
[6.208s] INFO:colcon.colcon_core.plugin_system:Skipping extension 'colcon_notification.desktop_notification.win32': Not used on non-Windows systems
[6.208s] INFO:colcon.colcon_notification.desktop_notification:Sending desktop notification using 'notify2'
[6.379s] DEBUG:colcon.colcon_core.event_reactor:joined thread
[6.385s] INFO:colcon.colcon_core.shell:Creating prefix script '/home/mohak2312/ROS2_JetsonCar/install/local_setup.ps1'
[6.393s] INFO:colcon.colcon_core.shell:Creating prefix util module '/home/mohak2312/ROS2_JetsonCar/install/_local_setup_util_ps1.py'
[6.403s] INFO:colcon.colcon_core.shell:Creating prefix chain script '/home/mohak2312/ROS2_JetsonCar/install/setup.ps1'
[6.420s] INFO:colcon.colcon_core.shell:Creating prefix script '/home/mohak2312/ROS2_JetsonCar/install/local_setup.sh'
[6.424s] INFO:colcon.colcon_core.shell:Creating prefix util module '/home/mohak2312/ROS2_JetsonCar/install/_local_setup_util_sh.py'
[6.427s] INFO:colcon.colcon_core.shell:Creating prefix chain script '/home/mohak2312/ROS2_JetsonCar/install/setup.sh'
[6.445s] INFO:colcon.colcon_core.shell:Creating prefix script '/home/mohak2312/ROS2_JetsonCar/install/local_setup.bash'
[6.449s] INFO:colcon.colcon_core.shell:Creating prefix chain script '/home/mohak2312/ROS2_JetsonCar/install/setup.bash'
[6.466s] INFO:colcon.colcon_core.shell:Creating prefix script '/home/mohak2312/ROS2_JetsonCar/install/local_setup.zsh'
[6.470s] INFO:colcon.colcon_core.shell:Creating prefix chain script '/home/mohak2312/ROS2_JetsonCar/install/setup.zsh'
