[3.843s] Invoking command in '/home/mohak2312/ROS2_JetsonCar/src/robosim': PYTHONPATH=/home/mohak2312/ROS2_JetsonCar/install/robosim/lib/python3.6/site-packages:${PYTHONPATH} /usr/bin/python3 setup.py egg_info --egg-base ../../build/robosim build --build-base /home/mohak2312/ROS2_JetsonCar/build/robosim/build install --prefix /home/mohak2312/ROS2_JetsonCar/install/robosim --record /home/mohak2312/ROS2_JetsonCar/build/robosim/install.log --single-version-externally-managed
[6.497s] /home/mohak2312/.local/lib/python3.6/site-packages/setuptools/dist.py:645: UserWarning: Usage of dash-separated 'script-dir' will not be supported in future versions. Please use the underscore name 'script_dir' instead
[6.498s]   % (opt, underscore_opt))
[6.499s] /home/mohak2312/.local/lib/python3.6/site-packages/setuptools/dist.py:645: UserWarning: Usage of dash-separated 'install-scripts' will not be supported in future versions. Please use the underscore name 'install_scripts' instead
[6.499s]   % (opt, underscore_opt))
[6.706s] running egg_info
[6.710s] writing ../../build/robosim/robosim.egg-info/PKG-INFO
[6.710s] writing dependency_links to ../../build/robosim/robosim.egg-info/dependency_links.txt
[6.711s] writing entry points to ../../build/robosim/robosim.egg-info/entry_points.txt
[6.712s] writing requirements to ../../build/robosim/robosim.egg-info/requires.txt
[6.713s] writing top-level names to ../../build/robosim/robosim.egg-info/top_level.txt
[6.988s] reading manifest file '../../build/robosim/robosim.egg-info/SOURCES.txt'
[6.995s] writing manifest file '../../build/robosim/robosim.egg-info/SOURCES.txt'
[6.996s] running build
[6.996s] running build_py
[6.997s] copying robosim/robot_controller.py -> /home/mohak2312/ROS2_JetsonCar/build/robosim/build/lib/robosim
[6.998s] running install
[7.000s] running install_lib
[7.005s] copying /home/mohak2312/ROS2_JetsonCar/build/robosim/build/lib/robosim/robot_controller.py -> /home/mohak2312/ROS2_JetsonCar/install/robosim/lib/python3.6/site-packages/robosim
[7.020s] byte-compiling /home/mohak2312/ROS2_JetsonCar/install/robosim/lib/python3.6/site-packages/robosim/robot_controller.py to robot_controller.cpython-36.pyc
[7.021s] Sorry: TabError: inconsistent use of tabs and spaces in indentation (robot_controller.py, line 54)
[7.021s] running install_data
[7.025s] running install_egg_info
[7.047s] removing '/home/mohak2312/ROS2_JetsonCar/install/robosim/lib/python3.6/site-packages/robosim-0.0.0-py3.6.egg-info' (and everything under it)
[7.048s] Copying ../../build/robosim/robosim.egg-info to /home/mohak2312/ROS2_JetsonCar/install/robosim/lib/python3.6/site-packages/robosim-0.0.0-py3.6.egg-info
[7.052s] running install_scripts
[7.250s] Installing listener script to /home/mohak2312/ROS2_JetsonCar/install/robosim/lib/robosim
[7.251s] Installing talker script to /home/mohak2312/ROS2_JetsonCar/install/robosim/lib/robosim
[7.252s] writing list of installed files to '/home/mohak2312/ROS2_JetsonCar/build/robosim/install.log'
[7.366s] Invoked command in '/home/mohak2312/ROS2_JetsonCar/src/robosim' returned '0': PYTHONPATH=/home/mohak2312/ROS2_JetsonCar/install/robosim/lib/python3.6/site-packages:${PYTHONPATH} /usr/bin/python3 setup.py egg_info --egg-base ../../build/robosim build --build-base /home/mohak2312/ROS2_JetsonCar/build/robosim/build install --prefix /home/mohak2312/ROS2_JetsonCar/install/robosim --record /home/mohak2312/ROS2_JetsonCar/build/robosim/install.log --single-version-externally-managed
