[1.538s] Invoking command in '/home/mohak2312/ROS2_JetsonCar/src/robosim': PYTHONPATH=/home/mohak2312/ROS2_JetsonCar/install/robosim/lib/python3.6/site-packages: /usr/bin/python3 setup.py egg_info --egg-base ../../build/robosim build --build-base /home/mohak2312/ROS2_JetsonCar/build/robosim/build install --prefix /home/mohak2312/ROS2_JetsonCar/install/robosim --record /home/mohak2312/ROS2_JetsonCar/build/robosim/install.log --single-version-externally-managed
[2.763s] /home/mohak2312/.local/lib/python3.6/site-packages/setuptools/dist.py:645: UserWarning: Usage of dash-separated 'script-dir' will not be supported in future versions. Please use the underscore name 'script_dir' instead
[2.764s]   % (opt, underscore_opt))
[2.764s] /home/mohak2312/.local/lib/python3.6/site-packages/setuptools/dist.py:645: UserWarning: Usage of dash-separated 'install-scripts' will not be supported in future versions. Please use the underscore name 'install_scripts' instead
[2.765s]   % (opt, underscore_opt))
[2.935s] running egg_info
[2.938s] writing ../../build/robosim/robosim.egg-info/PKG-INFO
[2.941s] writing dependency_links to ../../build/robosim/robosim.egg-info/dependency_links.txt
[2.941s] writing entry points to ../../build/robosim/robosim.egg-info/entry_points.txt
[2.942s] writing requirements to ../../build/robosim/robosim.egg-info/requires.txt
[2.943s] writing top-level names to ../../build/robosim/robosim.egg-info/top_level.txt
[3.139s] reading manifest file '../../build/robosim/robosim.egg-info/SOURCES.txt'
[3.147s] writing manifest file '../../build/robosim/robosim.egg-info/SOURCES.txt'
[3.148s] running build
[3.149s] running build_py
[3.149s] running install
[3.156s] running install_lib
[3.157s] running install_data
[3.161s] running install_egg_info
[3.170s] removing '/home/mohak2312/ROS2_JetsonCar/install/robosim/lib/python3.6/site-packages/robosim-0.0.0-py3.6.egg-info' (and everything under it)
[3.171s] Copying ../../build/robosim/robosim.egg-info to /home/mohak2312/ROS2_JetsonCar/install/robosim/lib/python3.6/site-packages/robosim-0.0.0-py3.6.egg-info
[3.176s] running install_scripts
[3.271s] Installing listener script to /home/mohak2312/ROS2_JetsonCar/install/robosim/lib/robosim
[3.272s] Installing talker script to /home/mohak2312/ROS2_JetsonCar/install/robosim/lib/robosim
[3.273s] writing list of installed files to '/home/mohak2312/ROS2_JetsonCar/build/robosim/install.log'
[3.384s] Invoked command in '/home/mohak2312/ROS2_JetsonCar/src/robosim' returned '0': PYTHONPATH=/home/mohak2312/ROS2_JetsonCar/install/robosim/lib/python3.6/site-packages: /usr/bin/python3 setup.py egg_info --egg-base ../../build/robosim build --build-base /home/mohak2312/ROS2_JetsonCar/build/robosim/build install --prefix /home/mohak2312/ROS2_JetsonCar/install/robosim --record /home/mohak2312/ROS2_JetsonCar/build/robosim/install.log --single-version-externally-managed
