[1.661s] Invoking command in '/home/mohak2312/ROS2_JetsonCar/src/robosim': PYTHONPATH=/home/mohak2312/ROS2_JetsonCar/install/robosim/lib/python3.6/site-packages: /usr/bin/python3 setup.py egg_info --egg-base ../../build/robosim build --build-base /home/mohak2312/ROS2_JetsonCar/build/robosim/build install --prefix /home/mohak2312/ROS2_JetsonCar/install/robosim --record /home/mohak2312/ROS2_JetsonCar/build/robosim/install.log --single-version-externally-managed
[2.841s] /home/mohak2312/.local/lib/python3.6/site-packages/setuptools/dist.py:645: UserWarning: Usage of dash-separated 'script-dir' will not be supported in future versions. Please use the underscore name 'script_dir' instead
[2.842s]   % (opt, underscore_opt))
[2.843s] /home/mohak2312/.local/lib/python3.6/site-packages/setuptools/dist.py:645: UserWarning: Usage of dash-separated 'install-scripts' will not be supported in future versions. Please use the underscore name 'install_scripts' instead
[2.843s]   % (opt, underscore_opt))
[3.015s] running egg_info
[3.018s] writing ../../build/robosim/robosim.egg-info/PKG-INFO
[3.019s] writing dependency_links to ../../build/robosim/robosim.egg-info/dependency_links.txt
[3.020s] writing entry points to ../../build/robosim/robosim.egg-info/entry_points.txt
[3.020s] writing requirements to ../../build/robosim/robosim.egg-info/requires.txt
[3.021s] writing top-level names to ../../build/robosim/robosim.egg-info/top_level.txt
[3.209s] reading manifest file '../../build/robosim/robosim.egg-info/SOURCES.txt'
[3.217s] writing manifest file '../../build/robosim/robosim.egg-info/SOURCES.txt'
[3.218s] running build
[3.218s] running build_py
[3.219s] copying robosim/robot_simulator.py -> /home/mohak2312/ROS2_JetsonCar/build/robosim/build/lib/robosim
[3.219s] running install
[3.221s] running install_lib
[3.223s] copying /home/mohak2312/ROS2_JetsonCar/build/robosim/build/lib/robosim/robot_simulator.py -> /home/mohak2312/ROS2_JetsonCar/install/robosim/lib/python3.6/site-packages/robosim
[3.226s] byte-compiling /home/mohak2312/ROS2_JetsonCar/install/robosim/lib/python3.6/site-packages/robosim/robot_simulator.py to robot_simulator.cpython-36.pyc
[3.227s]   File "/home/mohak2312/ROS2_JetsonCar/install/robosim/lib/python3.6/site-packages/robosim/robot_simulator.py", line 43
[3.227s]     self.get_logger().info(....'WARNING....:Over Limit.....Speed: "%s" ----- Turn: "%s"' % cmd.linear.x %cmd.angular.z)
[3.228s]                                                                                        ^
[3.228s] SyntaxError: invalid syntax
[3.229s] 
[3.229s] running install_data
[3.230s] running install_egg_info
[3.237s] removing '/home/mohak2312/ROS2_JetsonCar/install/robosim/lib/python3.6/site-packages/robosim-0.0.0-py3.6.egg-info' (and everything under it)
[3.238s] Copying ../../build/robosim/robosim.egg-info to /home/mohak2312/ROS2_JetsonCar/install/robosim/lib/python3.6/site-packages/robosim-0.0.0-py3.6.egg-info
[3.242s] running install_scripts
[3.325s] Installing listener script to /home/mohak2312/ROS2_JetsonCar/install/robosim/lib/robosim
[3.325s] Installing talker script to /home/mohak2312/ROS2_JetsonCar/install/robosim/lib/robosim
[3.327s] writing list of installed files to '/home/mohak2312/ROS2_JetsonCar/build/robosim/install.log'
[3.432s] Invoked command in '/home/mohak2312/ROS2_JetsonCar/src/robosim' returned '0': PYTHONPATH=/home/mohak2312/ROS2_JetsonCar/install/robosim/lib/python3.6/site-packages: /usr/bin/python3 setup.py egg_info --egg-base ../../build/robosim build --build-base /home/mohak2312/ROS2_JetsonCar/build/robosim/build install --prefix /home/mohak2312/ROS2_JetsonCar/install/robosim --record /home/mohak2312/ROS2_JetsonCar/build/robosim/install.log --single-version-externally-managed
