[10.903s] Invoking command in '/home/mohak2312/ROS2_JetsonCar/src/robosim': PYTHONPATH=/home/mohak2312/ROS2_JetsonCar/install/robosim/lib/python3.6/site-packages:${PYTHONPATH} /usr/bin/python3 setup.py egg_info --egg-base ../../build/robosim build --build-base /home/mohak2312/ROS2_JetsonCar/build/robosim/build install --prefix /home/mohak2312/ROS2_JetsonCar/install/robosim --record /home/mohak2312/ROS2_JetsonCar/build/robosim/install.log --single-version-externally-managed
[13.702s] /home/mohak2312/.local/lib/python3.6/site-packages/setuptools/dist.py:645: UserWarning: Usage of dash-separated 'script-dir' will not be supported in future versions. Please use the underscore name 'script_dir' instead
[13.703s]   % (opt, underscore_opt))
[13.703s] /home/mohak2312/.local/lib/python3.6/site-packages/setuptools/dist.py:645: UserWarning: Usage of dash-separated 'install-scripts' will not be supported in future versions. Please use the underscore name 'install_scripts' instead
[13.703s]   % (opt, underscore_opt))
[13.915s] running egg_info
[13.918s] writing ../../build/robosim/robosim.egg-info/PKG-INFO
[13.920s] writing dependency_links to ../../build/robosim/robosim.egg-info/dependency_links.txt
[13.921s] writing entry points to ../../build/robosim/robosim.egg-info/entry_points.txt
[13.922s] writing requirements to ../../build/robosim/robosim.egg-info/requires.txt
[13.922s] writing top-level names to ../../build/robosim/robosim.egg-info/top_level.txt
[14.374s] reading manifest file '../../build/robosim/robosim.egg-info/SOURCES.txt'
[14.381s] writing manifest file '../../build/robosim/robosim.egg-info/SOURCES.txt'
[14.382s] running build
[14.383s] running build_py
[14.386s] copying robosim/robot_controller.py -> /home/mohak2312/ROS2_JetsonCar/build/robosim/build/lib/robosim
[14.389s] running install
[14.391s] running install_lib
[14.400s] copying /home/mohak2312/ROS2_JetsonCar/build/robosim/build/lib/robosim/robot_controller.py -> /home/mohak2312/ROS2_JetsonCar/install/robosim/lib/python3.6/site-packages/robosim
[14.417s] byte-compiling /home/mohak2312/ROS2_JetsonCar/install/robosim/lib/python3.6/site-packages/robosim/robot_controller.py to robot_controller.cpython-36.pyc
[14.418s] running install_data
[14.418s] Sorry: TabError: inconsistent use of tabs and spaces in indentation (robot_controller.py, line 52)
[14.424s] running install_egg_info
[14.448s] removing '/home/mohak2312/ROS2_JetsonCar/install/robosim/lib/python3.6/site-packages/robosim-0.0.0-py3.6.egg-info' (and everything under it)
[14.454s] Copying ../../build/robosim/robosim.egg-info to /home/mohak2312/ROS2_JetsonCar/install/robosim/lib/python3.6/site-packages/robosim-0.0.0-py3.6.egg-info
[14.458s] running install_scripts
[14.659s] Installing listener script to /home/mohak2312/ROS2_JetsonCar/install/robosim/lib/robosim
[14.661s] Installing talker script to /home/mohak2312/ROS2_JetsonCar/install/robosim/lib/robosim
[14.662s] writing list of installed files to '/home/mohak2312/ROS2_JetsonCar/build/robosim/install.log'
[14.776s] Invoked command in '/home/mohak2312/ROS2_JetsonCar/src/robosim' returned '0': PYTHONPATH=/home/mohak2312/ROS2_JetsonCar/install/robosim/lib/python3.6/site-packages:${PYTHONPATH} /usr/bin/python3 setup.py egg_info --egg-base ../../build/robosim build --build-base /home/mohak2312/ROS2_JetsonCar/build/robosim/build install --prefix /home/mohak2312/ROS2_JetsonCar/install/robosim --record /home/mohak2312/ROS2_JetsonCar/build/robosim/install.log --single-version-externally-managed
