[3.235s] Invoking command in '/home/mohak2312/ROS2_JetsonCar/src/robosim': PYTHONPATH=/home/mohak2312/ROS2_JetsonCar/install/robosim/lib/python3.6/site-packages:${PYTHONPATH} /usr/bin/python3 setup.py egg_info --egg-base ../../build/robosim build --build-base /home/mohak2312/ROS2_JetsonCar/build/robosim/build install --prefix /home/mohak2312/ROS2_JetsonCar/install/robosim --record /home/mohak2312/ROS2_JetsonCar/build/robosim/install.log --single-version-externally-managed
[5.885s] /home/mohak2312/.local/lib/python3.6/site-packages/setuptools/dist.py:645: UserWarning: Usage of dash-separated 'script-dir' will not be supported in future versions. Please use the underscore name 'script_dir' instead
[5.886s]   % (opt, underscore_opt))
[5.886s] /home/mohak2312/.local/lib/python3.6/site-packages/setuptools/dist.py:645: UserWarning: Usage of dash-separated 'install-scripts' will not be supported in future versions. Please use the underscore name 'install_scripts' instead
[5.887s]   % (opt, underscore_opt))
[6.080s] running egg_info
[6.083s] writing ../../build/robosim/robosim.egg-info/PKG-INFO
[6.084s] writing dependency_links to ../../build/robosim/robosim.egg-info/dependency_links.txt
[6.085s] writing entry points to ../../build/robosim/robosim.egg-info/entry_points.txt
[6.086s] writing requirements to ../../build/robosim/robosim.egg-info/requires.txt
[6.086s] writing top-level names to ../../build/robosim/robosim.egg-info/top_level.txt
[6.340s] reading manifest file '../../build/robosim/robosim.egg-info/SOURCES.txt'
[6.346s] writing manifest file '../../build/robosim/robosim.egg-info/SOURCES.txt'
[6.347s] running build
[6.348s] running build_py
[6.348s] copying robosim/robot_controller.py -> /home/mohak2312/ROS2_JetsonCar/build/robosim/build/lib/robosim
[6.349s] running install
[6.350s] running install_lib
[6.354s] copying /home/mohak2312/ROS2_JetsonCar/build/robosim/build/lib/robosim/robot_controller.py -> /home/mohak2312/ROS2_JetsonCar/install/robosim/lib/python3.6/site-packages/robosim
[6.367s] byte-compiling /home/mohak2312/ROS2_JetsonCar/install/robosim/lib/python3.6/site-packages/robosim/robot_controller.py to robot_controller.cpython-36.pyc
[6.370s] running install_data
[6.374s] running install_egg_info
[6.393s] removing '/home/mohak2312/ROS2_JetsonCar/install/robosim/lib/python3.6/site-packages/robosim-0.0.0-py3.6.egg-info' (and everything under it)
[6.394s] Copying ../../build/robosim/robosim.egg-info to /home/mohak2312/ROS2_JetsonCar/install/robosim/lib/python3.6/site-packages/robosim-0.0.0-py3.6.egg-info
[6.398s] running install_scripts
[6.555s] Installing listener script to /home/mohak2312/ROS2_JetsonCar/install/robosim/lib/robosim
[6.556s] Installing talker script to /home/mohak2312/ROS2_JetsonCar/install/robosim/lib/robosim
[6.558s] writing list of installed files to '/home/mohak2312/ROS2_JetsonCar/build/robosim/install.log'
[6.669s] Invoked command in '/home/mohak2312/ROS2_JetsonCar/src/robosim' returned '0': PYTHONPATH=/home/mohak2312/ROS2_JetsonCar/install/robosim/lib/python3.6/site-packages:${PYTHONPATH} /usr/bin/python3 setup.py egg_info --egg-base ../../build/robosim build --build-base /home/mohak2312/ROS2_JetsonCar/build/robosim/build install --prefix /home/mohak2312/ROS2_JetsonCar/install/robosim --record /home/mohak2312/ROS2_JetsonCar/build/robosim/install.log --single-version-externally-managed
