[1.814s] DEBUG:colcon:Command line arguments: ['/usr/bin/colcon', 'build', '--packages-select', 'robosim']
[1.815s] DEBUG:colcon:Parsed command line arguments: Namespace(ament_cmake_args=None, base_paths=['.'], build_base='build', catkin_cmake_args=None, catkin_skip_building_tests=False, cmake_args=None, cmake_clean_cache=False, cmake_clean_first=False, cmake_force_configure=False, cmake_target=None, cmake_target_skip_unavailable=False, continue_on_error=False, event_handlers=None, executor='parallel', ignore_user_meta=False, install_base='install', log_base=None, log_level=None, main=<bound method BuildVerb.main of <colcon_core.verb.build.BuildVerb object at 0x7f82296c88>>, merge_install=False, metas=['./colcon.meta'], packages_above=None, packages_above_and_dependencies=None, packages_above_depth=None, packages_end=None, packages_ignore=None, packages_ignore_regex=None, packages_select=['robosim'], packages_select_build_failed=False, packages_select_by_dep=None, packages_select_regex=None, packages_select_test_failures=False, packages_skip=None, packages_skip_build_finished=False, packages_skip_by_dep=None, packages_skip_regex=None, packages_skip_test_passed=False, packages_skip_up_to=None, packages_start=None, packages_up_to=None, packages_up_to_regex=None, parallel_workers=4, paths=None, symlink_install=False, test_result_base=None, verb_extension=<colcon_core.verb.build.BuildVerb object at 0x7f82296c88>, verb_name='build', verb_parser=<colcon_defaults.argument_parser.defaults.DefaultArgumentsDecorator object at 0x7f8222b048>)
[1.845s] Level 1:colcon.colcon_core.package_discovery:discover_packages(colcon_meta) check parameters
[1.845s] Level 1:colcon.colcon_core.package_discovery:discover_packages(recursive) check parameters
[1.846s] Level 1:colcon.colcon_core.package_discovery:discover_packages(ignore) check parameters
[1.846s] Level 1:colcon.colcon_core.package_discovery:discover_packages(path) check parameters
[1.846s] Level 1:colcon.colcon_core.package_discovery:discover_packages(colcon_meta) discover
[1.848s] Level 1:colcon.colcon_core.package_discovery:discover_packages(recursive) discover
[1.848s] INFO:colcon.colcon_core.package_discovery:Crawling recursively for packages in '/home/mohak2312/ROS2_JetsonCar'
[1.848s] Level 1:colcon.colcon_core.package_identification:_identify(.) by extensions ['ignore', 'ignore_ament_install']
[1.849s] Level 1:colcon.colcon_core.package_identification:_identify(.) by extension 'ignore'
[1.849s] Level 1:colcon.colcon_core.package_identification:_identify(.) by extension 'ignore_ament_install'
[1.849s] Level 1:colcon.colcon_core.package_identification:_identify(.) by extensions ['colcon_pkg']
[1.850s] Level 1:colcon.colcon_core.package_identification:_identify(.) by extension 'colcon_pkg'
[1.850s] Level 1:colcon.colcon_core.package_identification:_identify(.) by extensions ['colcon_meta']
[1.850s] Level 1:colcon.colcon_core.package_identification:_identify(.) by extension 'colcon_meta'
[1.850s] Level 1:colcon.colcon_core.package_identification:_identify(.) by extensions ['ros']
[1.850s] Level 1:colcon.colcon_core.package_identification:_identify(.) by extension 'ros'
[1.914s] Level 1:colcon.colcon_core.package_identification:_identify(.) by extensions ['cmake', 'python']
[1.915s] Level 1:colcon.colcon_core.package_identification:_identify(.) by extension 'cmake'
[1.915s] Level 1:colcon.colcon_core.package_identification:_identify(.) by extension 'python'
[1.915s] Level 1:colcon.colcon_core.package_identification:_identify(.) by extensions ['python_setup_py']
[1.916s] Level 1:colcon.colcon_core.package_identification:_identify(.) by extension 'python_setup_py'
[1.916s] Level 1:colcon.colcon_core.package_identification:_identify(build) by extensions ['ignore', 'ignore_ament_install']
[1.917s] Level 1:colcon.colcon_core.package_identification:_identify(build) by extension 'ignore'
[1.917s] Level 1:colcon.colcon_core.package_identification:_identify(build) ignored
[1.919s] Level 1:colcon.colcon_core.package_identification:_identify(install) by extensions ['ignore', 'ignore_ament_install']
[1.919s] Level 1:colcon.colcon_core.package_identification:_identify(install) by extension 'ignore'
[1.920s] Level 1:colcon.colcon_core.package_identification:_identify(install) ignored
[1.920s] Level 1:colcon.colcon_core.package_identification:_identify(log) by extensions ['ignore', 'ignore_ament_install']
[1.921s] Level 1:colcon.colcon_core.package_identification:_identify(log) by extension 'ignore'
[1.921s] Level 1:colcon.colcon_core.package_identification:_identify(log) ignored
[1.921s] Level 1:colcon.colcon_core.package_identification:_identify(src) by extensions ['ignore', 'ignore_ament_install']
[1.922s] Level 1:colcon.colcon_core.package_identification:_identify(src) by extension 'ignore'
[1.922s] Level 1:colcon.colcon_core.package_identification:_identify(src) by extension 'ignore_ament_install'
[1.922s] Level 1:colcon.colcon_core.package_identification:_identify(src) by extensions ['colcon_pkg']
[1.923s] Level 1:colcon.colcon_core.package_identification:_identify(src) by extension 'colcon_pkg'
[1.923s] Level 1:colcon.colcon_core.package_identification:_identify(src) by extensions ['colcon_meta']
[1.923s] Level 1:colcon.colcon_core.package_identification:_identify(src) by extension 'colcon_meta'
[1.923s] Level 1:colcon.colcon_core.package_identification:_identify(src) by extensions ['ros']
[1.924s] Level 1:colcon.colcon_core.package_identification:_identify(src) by extension 'ros'
[1.924s] Level 1:colcon.colcon_core.package_identification:_identify(src) by extensions ['cmake', 'python']
[1.924s] Level 1:colcon.colcon_core.package_identification:_identify(src) by extension 'cmake'
[1.924s] Level 1:colcon.colcon_core.package_identification:_identify(src) by extension 'python'
[1.925s] Level 1:colcon.colcon_core.package_identification:_identify(src) by extensions ['python_setup_py']
[1.925s] Level 1:colcon.colcon_core.package_identification:_identify(src) by extension 'python_setup_py'
[1.925s] Level 1:colcon.colcon_core.package_identification:_identify(src/robosim) by extensions ['ignore', 'ignore_ament_install']
[1.926s] Level 1:colcon.colcon_core.package_identification:_identify(src/robosim) by extension 'ignore'
[1.926s] Level 1:colcon.colcon_core.package_identification:_identify(src/robosim) by extension 'ignore_ament_install'
[1.926s] Level 1:colcon.colcon_core.package_identification:_identify(src/robosim) by extensions ['colcon_pkg']
[1.927s] Level 1:colcon.colcon_core.package_identification:_identify(src/robosim) by extension 'colcon_pkg'
[1.927s] Level 1:colcon.colcon_core.package_identification:_identify(src/robosim) by extensions ['colcon_meta']
[1.927s] Level 1:colcon.colcon_core.package_identification:_identify(src/robosim) by extension 'colcon_meta'
[1.927s] Level 1:colcon.colcon_core.package_identification:_identify(src/robosim) by extensions ['ros']
[1.927s] Level 1:colcon.colcon_core.package_identification:_identify(src/robosim) by extension 'ros'
[1.939s] DEBUG:colcon.colcon_core.package_identification:Package 'src/robosim' with type 'ros.ament_python' and name 'robosim'
[1.939s] Level 1:colcon.colcon_core.package_discovery:discover_packages(recursive) using defaults
[1.940s] Level 1:colcon.colcon_core.package_discovery:discover_packages(ignore) discover
[1.940s] Level 1:colcon.colcon_core.package_discovery:discover_packages(ignore) using defaults
[1.941s] Level 1:colcon.colcon_core.package_discovery:discover_packages(path) discover
[1.941s] Level 1:colcon.colcon_core.package_discovery:discover_packages(path) using defaults
[2.112s] Level 5:colcon.colcon_core.verb:set package 'robosim' build argument 'cmake_args' from command line to 'None'
[2.112s] Level 5:colcon.colcon_core.verb:set package 'robosim' build argument 'cmake_target' from command line to 'None'
[2.113s] Level 5:colcon.colcon_core.verb:set package 'robosim' build argument 'cmake_target_skip_unavailable' from command line to 'False'
[2.113s] Level 5:colcon.colcon_core.verb:set package 'robosim' build argument 'cmake_clean_cache' from command line to 'False'
[2.113s] Level 5:colcon.colcon_core.verb:set package 'robosim' build argument 'cmake_clean_first' from command line to 'False'
[2.113s] Level 5:colcon.colcon_core.verb:set package 'robosim' build argument 'cmake_force_configure' from command line to 'False'
[2.113s] Level 5:colcon.colcon_core.verb:set package 'robosim' build argument 'ament_cmake_args' from command line to 'None'
[2.114s] Level 5:colcon.colcon_core.verb:set package 'robosim' build argument 'catkin_cmake_args' from command line to 'None'
[2.114s] Level 5:colcon.colcon_core.verb:set package 'robosim' build argument 'catkin_skip_building_tests' from command line to 'False'
[2.114s] DEBUG:colcon.colcon_core.verb:Building package 'robosim' with the following arguments: {'ament_cmake_args': None, 'build_base': '/home/mohak2312/ROS2_JetsonCar/build/robosim', 'catkin_cmake_args': None, 'catkin_skip_building_tests': False, 'cmake_args': None, 'cmake_clean_cache': False, 'cmake_clean_first': False, 'cmake_force_configure': False, 'cmake_target': None, 'cmake_target_skip_unavailable': False, 'install_base': '/home/mohak2312/ROS2_JetsonCar/install/robosim', 'merge_install': False, 'path': '/home/mohak2312/ROS2_JetsonCar/src/robosim', 'symlink_install': False, 'test_result_base': None}
[2.116s] INFO:colcon.colcon_core.executor:Executing jobs using 'parallel' executor
[2.127s] DEBUG:colcon.colcon_parallel_executor.executor.parallel:run_until_complete
[2.128s] INFO:colcon.colcon_ros.task.ament_python.build:Building ROS package in '/home/mohak2312/ROS2_JetsonCar/src/robosim' with build type 'ament_python'
[2.129s] Level 1:colcon.colcon_core.shell:create_environment_hook('robosim', 'ament_prefix_path')
[2.147s] INFO:colcon.colcon_core.plugin_system:Skipping extension 'colcon_core.shell.bat': Not used on non-Windows systems
[2.149s] INFO:colcon.colcon_core.shell:Creating environment hook '/home/mohak2312/ROS2_JetsonCar/install/robosim/share/robosim/hook/ament_prefix_path.ps1'
[2.152s] INFO:colcon.colcon_core.shell:Creating environment descriptor '/home/mohak2312/ROS2_JetsonCar/install/robosim/share/robosim/hook/ament_prefix_path.dsv'
[2.154s] INFO:colcon.colcon_core.shell:Creating environment hook '/home/mohak2312/ROS2_JetsonCar/install/robosim/share/robosim/hook/ament_prefix_path.sh'
[2.161s] INFO:colcon.colcon_core.shell:Skip shell extension 'powershell' for command environment: Not usable outside of PowerShell
[2.161s] DEBUG:colcon.colcon_core.shell:Skip shell extension 'dsv' for command environment
[3.578s] INFO:colcon.colcon_core.task.python.build:Building Python package in '/home/mohak2312/ROS2_JetsonCar/src/robosim'
[3.583s] INFO:colcon.colcon_core.shell:Skip shell extension 'powershell' for command environment: Not usable outside of PowerShell
[3.583s] DEBUG:colcon.colcon_core.shell:Skip shell extension 'dsv' for command environment
[3.624s] DEBUG:colcon.colcon_core.event_handler.log_command:Invoking command in '/home/mohak2312/ROS2_JetsonCar/src/robosim': PYTHONPATH=/home/mohak2312/ROS2_JetsonCar/install/robosim/lib/python3.6/site-packages: /usr/bin/python3 setup.py egg_info --egg-base ../../build/robosim build --build-base /home/mohak2312/ROS2_JetsonCar/build/robosim/build install --prefix /home/mohak2312/ROS2_JetsonCar/install/robosim --record /home/mohak2312/ROS2_JetsonCar/build/robosim/install.log --single-version-externally-managed
[5.376s] DEBUG:colcon.colcon_core.event_handler.log_command:Invoked command in '/home/mohak2312/ROS2_JetsonCar/src/robosim' returned '0': PYTHONPATH=/home/mohak2312/ROS2_JetsonCar/install/robosim/lib/python3.6/site-packages: /usr/bin/python3 setup.py egg_info --egg-base ../../build/robosim build --build-base /home/mohak2312/ROS2_JetsonCar/build/robosim/build install --prefix /home/mohak2312/ROS2_JetsonCar/install/robosim --record /home/mohak2312/ROS2_JetsonCar/build/robosim/install.log --single-version-externally-managed
[5.390s] Level 1:colcon.colcon_core.environment:checking '/home/mohak2312/ROS2_JetsonCar/install/robosim' for CMake module files
[5.393s] Level 1:colcon.colcon_core.environment:checking '/home/mohak2312/ROS2_JetsonCar/install/robosim' for CMake config files
[5.398s] Level 1:colcon.colcon_core.environment:checking '/home/mohak2312/ROS2_JetsonCar/install/robosim/lib'
[5.399s] Level 1:colcon.colcon_core.environment:checking '/home/mohak2312/ROS2_JetsonCar/install/robosim/bin'
[5.399s] Level 1:colcon.colcon_core.environment:checking '/home/mohak2312/ROS2_JetsonCar/install/robosim/lib/pkgconfig/robosim.pc'
[5.400s] Level 1:colcon.colcon_core.environment:checking '/home/mohak2312/ROS2_JetsonCar/install/robosim/lib/python3.6/site-packages'
[5.400s] Level 1:colcon.colcon_core.shell:create_environment_hook('robosim', 'pythonpath')
[5.404s] INFO:colcon.colcon_core.shell:Creating environment hook '/home/mohak2312/ROS2_JetsonCar/install/robosim/share/robosim/hook/pythonpath.ps1'
[5.406s] INFO:colcon.colcon_core.shell:Creating environment descriptor '/home/mohak2312/ROS2_JetsonCar/install/robosim/share/robosim/hook/pythonpath.dsv'
[5.407s] INFO:colcon.colcon_core.shell:Creating environment hook '/home/mohak2312/ROS2_JetsonCar/install/robosim/share/robosim/hook/pythonpath.sh'
[5.409s] Level 1:colcon.colcon_core.environment:create_environment_scripts_only(robosim)
[5.413s] INFO:colcon.colcon_core.shell:Creating package script '/home/mohak2312/ROS2_JetsonCar/install/robosim/share/robosim/package.ps1'
[5.418s] INFO:colcon.colcon_core.shell:Creating package descriptor '/home/mohak2312/ROS2_JetsonCar/install/robosim/share/robosim/package.dsv'
[5.420s] INFO:colcon.colcon_core.shell:Creating package script '/home/mohak2312/ROS2_JetsonCar/install/robosim/share/robosim/package.sh'
[5.425s] INFO:colcon.colcon_core.shell:Creating package script '/home/mohak2312/ROS2_JetsonCar/install/robosim/share/robosim/package.bash'
[5.429s] INFO:colcon.colcon_core.shell:Creating package script '/home/mohak2312/ROS2_JetsonCar/install/robosim/share/robosim/package.zsh'
[5.433s] Level 1:colcon.colcon_core.environment:create_file_with_runtime_dependencies(/home/mohak2312/ROS2_JetsonCar/install/robosim/share/colcon-core/packages/robosim)
[5.434s] DEBUG:colcon.colcon_parallel_executor.executor.parallel:closing loop
[5.436s] DEBUG:colcon.colcon_parallel_executor.executor.parallel:loop closed
[5.436s] DEBUG:colcon.colcon_parallel_executor.executor.parallel:run_until_complete finished with '0'
[5.436s] DEBUG:colcon.colcon_core.event_reactor:joining thread
[5.464s] INFO:colcon.colcon_core.plugin_system:Skipping extension 'colcon_notification.desktop_notification.terminal_notifier': Not used on non-Darwin systems
[5.465s] INFO:colcon.colcon_core.plugin_system:Skipping extension 'colcon_notification.desktop_notification.win32': Not used on non-Windows systems
[5.465s] INFO:colcon.colcon_notification.desktop_notification:Sending desktop notification using 'notify2'
[5.552s] DEBUG:colcon.colcon_core.event_reactor:joined thread
[5.557s] INFO:colcon.colcon_core.shell:Creating prefix script '/home/mohak2312/ROS2_JetsonCar/install/local_setup.ps1'
[5.563s] INFO:colcon.colcon_core.shell:Creating prefix util module '/home/mohak2312/ROS2_JetsonCar/install/_local_setup_util_ps1.py'
[5.573s] INFO:colcon.colcon_core.shell:Creating prefix chain script '/home/mohak2312/ROS2_JetsonCar/install/setup.ps1'
[5.588s] INFO:colcon.colcon_core.shell:Creating prefix script '/home/mohak2312/ROS2_JetsonCar/install/local_setup.sh'
[5.591s] INFO:colcon.colcon_core.shell:Creating prefix util module '/home/mohak2312/ROS2_JetsonCar/install/_local_setup_util_sh.py'
[5.593s] INFO:colcon.colcon_core.shell:Creating prefix chain script '/home/mohak2312/ROS2_JetsonCar/install/setup.sh'
[5.610s] INFO:colcon.colcon_core.shell:Creating prefix script '/home/mohak2312/ROS2_JetsonCar/install/local_setup.bash'
[5.613s] INFO:colcon.colcon_core.shell:Creating prefix chain script '/home/mohak2312/ROS2_JetsonCar/install/setup.bash'
[5.628s] INFO:colcon.colcon_core.shell:Creating prefix script '/home/mohak2312/ROS2_JetsonCar/install/local_setup.zsh'
[5.631s] INFO:colcon.colcon_core.shell:Creating prefix chain script '/home/mohak2312/ROS2_JetsonCar/install/setup.zsh'
