[5.111s] DEBUG:colcon:Command line arguments: ['/usr/bin/colcon', 'build', '--packages-select', 'robosim']
[5.112s] DEBUG:colcon:Parsed command line arguments: Namespace(ament_cmake_args=None, base_paths=['.'], build_base='build', catkin_cmake_args=None, catkin_skip_building_tests=False, cmake_args=None, cmake_clean_cache=False, cmake_clean_first=False, cmake_force_configure=False, cmake_target=None, cmake_target_skip_unavailable=False, continue_on_error=False, event_handlers=None, executor='parallel', ignore_user_meta=False, install_base='install', log_base=None, log_level=None, main=<bound method BuildVerb.main of <colcon_core.verb.build.BuildVerb object at 0x7f8ad02710>>, merge_install=False, metas=['./colcon.meta'], packages_above=None, packages_above_and_dependencies=None, packages_above_depth=None, packages_end=None, packages_ignore=None, packages_ignore_regex=None, packages_select=['robosim'], packages_select_build_failed=False, packages_select_by_dep=None, packages_select_regex=None, packages_select_test_failures=False, packages_skip=None, packages_skip_build_finished=False, packages_skip_by_dep=None, packages_skip_regex=None, packages_skip_test_passed=False, packages_skip_up_to=None, packages_start=None, packages_up_to=None, packages_up_to_regex=None, parallel_workers=4, paths=None, symlink_install=False, test_result_base=None, verb_extension=<colcon_core.verb.build.BuildVerb object at 0x7f8ad02710>, verb_name='build', verb_parser=<colcon_defaults.argument_parser.defaults.DefaultArgumentsDecorator object at 0x7f8ad02a90>)
[5.206s] Level 1:colcon.colcon_core.package_discovery:discover_packages(colcon_meta) check parameters
[5.207s] Level 1:colcon.colcon_core.package_discovery:discover_packages(recursive) check parameters
[5.207s] Level 1:colcon.colcon_core.package_discovery:discover_packages(ignore) check parameters
[5.207s] Level 1:colcon.colcon_core.package_discovery:discover_packages(path) check parameters
[5.207s] Level 1:colcon.colcon_core.package_discovery:discover_packages(colcon_meta) discover
[5.209s] Level 1:colcon.colcon_core.package_discovery:discover_packages(recursive) discover
[5.209s] INFO:colcon.colcon_core.package_discovery:Crawling recursively for packages in '/home/mohak2312/ROS2_JetsonCar'
[5.209s] Level 1:colcon.colcon_core.package_identification:_identify(.) by extensions ['ignore', 'ignore_ament_install']
[5.210s] Level 1:colcon.colcon_core.package_identification:_identify(.) by extension 'ignore'
[5.210s] Level 1:colcon.colcon_core.package_identification:_identify(.) by extension 'ignore_ament_install'
[5.210s] Level 1:colcon.colcon_core.package_identification:_identify(.) by extensions ['colcon_pkg']
[5.211s] Level 1:colcon.colcon_core.package_identification:_identify(.) by extension 'colcon_pkg'
[5.211s] Level 1:colcon.colcon_core.package_identification:_identify(.) by extensions ['colcon_meta']
[5.211s] Level 1:colcon.colcon_core.package_identification:_identify(.) by extension 'colcon_meta'
[5.211s] Level 1:colcon.colcon_core.package_identification:_identify(.) by extensions ['ros']
[5.211s] Level 1:colcon.colcon_core.package_identification:_identify(.) by extension 'ros'
[5.346s] Level 1:colcon.colcon_core.package_identification:_identify(.) by extensions ['cmake', 'python']
[5.346s] Level 1:colcon.colcon_core.package_identification:_identify(.) by extension 'cmake'
[5.347s] Level 1:colcon.colcon_core.package_identification:_identify(.) by extension 'python'
[5.347s] Level 1:colcon.colcon_core.package_identification:_identify(.) by extensions ['python_setup_py']
[5.347s] Level 1:colcon.colcon_core.package_identification:_identify(.) by extension 'python_setup_py'
[5.348s] Level 1:colcon.colcon_core.package_identification:_identify(build) by extensions ['ignore', 'ignore_ament_install']
[5.348s] Level 1:colcon.colcon_core.package_identification:_identify(build) by extension 'ignore'
[5.349s] Level 1:colcon.colcon_core.package_identification:_identify(build) ignored
[5.350s] Level 1:colcon.colcon_core.package_identification:_identify(install) by extensions ['ignore', 'ignore_ament_install']
[5.351s] Level 1:colcon.colcon_core.package_identification:_identify(install) by extension 'ignore'
[5.351s] Level 1:colcon.colcon_core.package_identification:_identify(install) ignored
[5.352s] Level 1:colcon.colcon_core.package_identification:_identify(log) by extensions ['ignore', 'ignore_ament_install']
[5.352s] Level 1:colcon.colcon_core.package_identification:_identify(log) by extension 'ignore'
[5.352s] Level 1:colcon.colcon_core.package_identification:_identify(log) ignored
[5.353s] Level 1:colcon.colcon_core.package_identification:_identify(src) by extensions ['ignore', 'ignore_ament_install']
[5.353s] Level 1:colcon.colcon_core.package_identification:_identify(src) by extension 'ignore'
[5.353s] Level 1:colcon.colcon_core.package_identification:_identify(src) by extension 'ignore_ament_install'
[5.354s] Level 1:colcon.colcon_core.package_identification:_identify(src) by extensions ['colcon_pkg']
[5.354s] Level 1:colcon.colcon_core.package_identification:_identify(src) by extension 'colcon_pkg'
[5.354s] Level 1:colcon.colcon_core.package_identification:_identify(src) by extensions ['colcon_meta']
[5.354s] Level 1:colcon.colcon_core.package_identification:_identify(src) by extension 'colcon_meta'
[5.355s] Level 1:colcon.colcon_core.package_identification:_identify(src) by extensions ['ros']
[5.355s] Level 1:colcon.colcon_core.package_identification:_identify(src) by extension 'ros'
[5.355s] Level 1:colcon.colcon_core.package_identification:_identify(src) by extensions ['cmake', 'python']
[5.355s] Level 1:colcon.colcon_core.package_identification:_identify(src) by extension 'cmake'
[5.356s] Level 1:colcon.colcon_core.package_identification:_identify(src) by extension 'python'
[5.356s] Level 1:colcon.colcon_core.package_identification:_identify(src) by extensions ['python_setup_py']
[5.356s] Level 1:colcon.colcon_core.package_identification:_identify(src) by extension 'python_setup_py'
[5.359s] Level 1:colcon.colcon_core.package_identification:_identify(src/robosim) by extensions ['ignore', 'ignore_ament_install']
[5.360s] Level 1:colcon.colcon_core.package_identification:_identify(src/robosim) by extension 'ignore'
[5.360s] Level 1:colcon.colcon_core.package_identification:_identify(src/robosim) by extension 'ignore_ament_install'
[5.360s] Level 1:colcon.colcon_core.package_identification:_identify(src/robosim) by extensions ['colcon_pkg']
[5.361s] Level 1:colcon.colcon_core.package_identification:_identify(src/robosim) by extension 'colcon_pkg'
[5.361s] Level 1:colcon.colcon_core.package_identification:_identify(src/robosim) by extensions ['colcon_meta']
[5.361s] Level 1:colcon.colcon_core.package_identification:_identify(src/robosim) by extension 'colcon_meta'
[5.361s] Level 1:colcon.colcon_core.package_identification:_identify(src/robosim) by extensions ['ros']
[5.362s] Level 1:colcon.colcon_core.package_identification:_identify(src/robosim) by extension 'ros'
[5.383s] DEBUG:colcon.colcon_core.package_identification:Package 'src/robosim' with type 'ros.ament_python' and name 'robosim'
[5.383s] Level 1:colcon.colcon_core.package_discovery:discover_packages(recursive) using defaults
[5.384s] Level 1:colcon.colcon_core.package_discovery:discover_packages(ignore) discover
[5.385s] Level 1:colcon.colcon_core.package_discovery:discover_packages(ignore) using defaults
[5.385s] Level 1:colcon.colcon_core.package_discovery:discover_packages(path) discover
[5.385s] Level 1:colcon.colcon_core.package_discovery:discover_packages(path) using defaults
[5.716s] Level 5:colcon.colcon_core.verb:set package 'robosim' build argument 'cmake_args' from command line to 'None'
[5.717s] Level 5:colcon.colcon_core.verb:set package 'robosim' build argument 'cmake_target' from command line to 'None'
[5.717s] Level 5:colcon.colcon_core.verb:set package 'robosim' build argument 'cmake_target_skip_unavailable' from command line to 'False'
[5.717s] Level 5:colcon.colcon_core.verb:set package 'robosim' build argument 'cmake_clean_cache' from command line to 'False'
[5.717s] Level 5:colcon.colcon_core.verb:set package 'robosim' build argument 'cmake_clean_first' from command line to 'False'
[5.717s] Level 5:colcon.colcon_core.verb:set package 'robosim' build argument 'cmake_force_configure' from command line to 'False'
[5.718s] Level 5:colcon.colcon_core.verb:set package 'robosim' build argument 'ament_cmake_args' from command line to 'None'
[5.718s] Level 5:colcon.colcon_core.verb:set package 'robosim' build argument 'catkin_cmake_args' from command line to 'None'
[5.718s] Level 5:colcon.colcon_core.verb:set package 'robosim' build argument 'catkin_skip_building_tests' from command line to 'False'
[5.718s] DEBUG:colcon.colcon_core.verb:Building package 'robosim' with the following arguments: {'ament_cmake_args': None, 'build_base': '/home/mohak2312/ROS2_JetsonCar/build/robosim', 'catkin_cmake_args': None, 'catkin_skip_building_tests': False, 'cmake_args': None, 'cmake_clean_cache': False, 'cmake_clean_first': False, 'cmake_force_configure': False, 'cmake_target': None, 'cmake_target_skip_unavailable': False, 'install_base': '/home/mohak2312/ROS2_JetsonCar/install/robosim', 'merge_install': False, 'path': '/home/mohak2312/ROS2_JetsonCar/src/robosim', 'symlink_install': False, 'test_result_base': None}
[5.721s] INFO:colcon.colcon_core.executor:Executing jobs using 'parallel' executor
[5.735s] DEBUG:colcon.colcon_parallel_executor.executor.parallel:run_until_complete
[5.736s] INFO:colcon.colcon_ros.task.ament_python.build:Building ROS package in '/home/mohak2312/ROS2_JetsonCar/src/robosim' with build type 'ament_python'
[5.737s] Level 1:colcon.colcon_core.shell:create_environment_hook('robosim', 'ament_prefix_path')
[5.797s] INFO:colcon.colcon_core.plugin_system:Skipping extension 'colcon_core.shell.bat': Not used on non-Windows systems
[5.798s] INFO:colcon.colcon_core.shell:Creating environment hook '/home/mohak2312/ROS2_JetsonCar/install/robosim/share/robosim/hook/ament_prefix_path.ps1'
[5.808s] INFO:colcon.colcon_core.shell:Creating environment descriptor '/home/mohak2312/ROS2_JetsonCar/install/robosim/share/robosim/hook/ament_prefix_path.dsv'
[5.810s] INFO:colcon.colcon_core.shell:Creating environment hook '/home/mohak2312/ROS2_JetsonCar/install/robosim/share/robosim/hook/ament_prefix_path.sh'
[5.818s] INFO:colcon.colcon_core.shell:Skip shell extension 'powershell' for command environment: Not usable outside of PowerShell
[5.818s] DEBUG:colcon.colcon_core.shell:Skip shell extension 'dsv' for command environment
[10.367s] INFO:colcon.colcon_core.task.python.build:Building Python package in '/home/mohak2312/ROS2_JetsonCar/src/robosim'
[10.373s] INFO:colcon.colcon_core.shell:Skip shell extension 'powershell' for command environment: Not usable outside of PowerShell
[10.373s] DEBUG:colcon.colcon_core.shell:Skip shell extension 'dsv' for command environment
[10.558s] DEBUG:colcon.colcon_core.event_handler.log_command:Invoking command in '/home/mohak2312/ROS2_JetsonCar/src/robosim': PYTHONPATH=/home/mohak2312/ROS2_JetsonCar/install/robosim/lib/python3.6/site-packages:${PYTHONPATH} /usr/bin/python3 setup.py egg_info --egg-base ../../build/robosim build --build-base /home/mohak2312/ROS2_JetsonCar/build/robosim/build install --prefix /home/mohak2312/ROS2_JetsonCar/install/robosim --record /home/mohak2312/ROS2_JetsonCar/build/robosim/install.log --single-version-externally-managed
[14.217s] DEBUG:colcon.colcon_core.event_handler.log_command:Invoked command in '/home/mohak2312/ROS2_JetsonCar/src/robosim' returned '0': PYTHONPATH=/home/mohak2312/ROS2_JetsonCar/install/robosim/lib/python3.6/site-packages:${PYTHONPATH} /usr/bin/python3 setup.py egg_info --egg-base ../../build/robosim build --build-base /home/mohak2312/ROS2_JetsonCar/build/robosim/build install --prefix /home/mohak2312/ROS2_JetsonCar/install/robosim --record /home/mohak2312/ROS2_JetsonCar/build/robosim/install.log --single-version-externally-managed
[14.268s] Level 1:colcon.colcon_core.environment:checking '/home/mohak2312/ROS2_JetsonCar/install/robosim' for CMake module files
[14.271s] Level 1:colcon.colcon_core.environment:checking '/home/mohak2312/ROS2_JetsonCar/install/robosim' for CMake config files
[14.276s] Level 1:colcon.colcon_core.environment:checking '/home/mohak2312/ROS2_JetsonCar/install/robosim/lib'
[14.277s] Level 1:colcon.colcon_core.environment:checking '/home/mohak2312/ROS2_JetsonCar/install/robosim/bin'
[14.277s] Level 1:colcon.colcon_core.environment:checking '/home/mohak2312/ROS2_JetsonCar/install/robosim/lib/pkgconfig/robosim.pc'
[14.278s] Level 1:colcon.colcon_core.environment:checking '/home/mohak2312/ROS2_JetsonCar/install/robosim/lib/python3.6/site-packages'
[14.278s] Level 1:colcon.colcon_core.shell:create_environment_hook('robosim', 'pythonpath')
[14.283s] INFO:colcon.colcon_core.shell:Creating environment hook '/home/mohak2312/ROS2_JetsonCar/install/robosim/share/robosim/hook/pythonpath.ps1'
[14.286s] INFO:colcon.colcon_core.shell:Creating environment descriptor '/home/mohak2312/ROS2_JetsonCar/install/robosim/share/robosim/hook/pythonpath.dsv'
[14.288s] INFO:colcon.colcon_core.shell:Creating environment hook '/home/mohak2312/ROS2_JetsonCar/install/robosim/share/robosim/hook/pythonpath.sh'
[14.290s] Level 1:colcon.colcon_core.environment:create_environment_scripts_only(robosim)
[14.296s] INFO:colcon.colcon_core.shell:Creating package script '/home/mohak2312/ROS2_JetsonCar/install/robosim/share/robosim/package.ps1'
[14.301s] INFO:colcon.colcon_core.shell:Creating package descriptor '/home/mohak2312/ROS2_JetsonCar/install/robosim/share/robosim/package.dsv'
[14.304s] INFO:colcon.colcon_core.shell:Creating package script '/home/mohak2312/ROS2_JetsonCar/install/robosim/share/robosim/package.sh'
[14.310s] INFO:colcon.colcon_core.shell:Creating package script '/home/mohak2312/ROS2_JetsonCar/install/robosim/share/robosim/package.bash'
[14.316s] INFO:colcon.colcon_core.shell:Creating package script '/home/mohak2312/ROS2_JetsonCar/install/robosim/share/robosim/package.zsh'
[14.321s] Level 1:colcon.colcon_core.environment:create_file_with_runtime_dependencies(/home/mohak2312/ROS2_JetsonCar/install/robosim/share/colcon-core/packages/robosim)
[14.323s] DEBUG:colcon.colcon_parallel_executor.executor.parallel:closing loop
[14.324s] DEBUG:colcon.colcon_parallel_executor.executor.parallel:loop closed
[14.325s] DEBUG:colcon.colcon_parallel_executor.executor.parallel:run_until_complete finished with '0'
[14.325s] DEBUG:colcon.colcon_core.event_reactor:joining thread
[14.430s] INFO:colcon.colcon_core.plugin_system:Skipping extension 'colcon_notification.desktop_notification.terminal_notifier': Not used on non-Darwin systems
[14.431s] INFO:colcon.colcon_core.plugin_system:Skipping extension 'colcon_notification.desktop_notification.win32': Not used on non-Windows systems
[14.431s] INFO:colcon.colcon_notification.desktop_notification:Sending desktop notification using 'notify2'
[14.530s] DEBUG:colcon.colcon_core.event_reactor:joined thread
[14.535s] INFO:colcon.colcon_core.shell:Creating prefix script '/home/mohak2312/ROS2_JetsonCar/install/local_setup.ps1'
[14.542s] INFO:colcon.colcon_core.shell:Creating prefix util module '/home/mohak2312/ROS2_JetsonCar/install/_local_setup_util_ps1.py'
[14.556s] INFO:colcon.colcon_core.shell:Creating prefix chain script '/home/mohak2312/ROS2_JetsonCar/install/setup.ps1'
[14.646s] INFO:colcon.colcon_core.shell:Creating prefix script '/home/mohak2312/ROS2_JetsonCar/install/local_setup.sh'
[14.650s] INFO:colcon.colcon_core.shell:Creating prefix util module '/home/mohak2312/ROS2_JetsonCar/install/_local_setup_util_sh.py'
[14.652s] INFO:colcon.colcon_core.shell:Creating prefix chain script '/home/mohak2312/ROS2_JetsonCar/install/setup.sh'
[14.739s] INFO:colcon.colcon_core.shell:Creating prefix script '/home/mohak2312/ROS2_JetsonCar/install/local_setup.bash'
[14.742s] INFO:colcon.colcon_core.shell:Creating prefix chain script '/home/mohak2312/ROS2_JetsonCar/install/setup.bash'
[14.822s] INFO:colcon.colcon_core.shell:Creating prefix script '/home/mohak2312/ROS2_JetsonCar/install/local_setup.zsh'
[14.826s] INFO:colcon.colcon_core.shell:Creating prefix chain script '/home/mohak2312/ROS2_JetsonCar/install/setup.zsh'
