[4.848s] Invoking command in '/home/mohak2312/ROS2_JetsonCar/src/robosim': PYTHONPATH=/home/mohak2312/ROS2_JetsonCar/install/robosim/lib/python3.6/site-packages:${PYTHONPATH} /usr/bin/python3 setup.py egg_info --egg-base ../../build/robosim build --build-base /home/mohak2312/ROS2_JetsonCar/build/robosim/build install --prefix /home/mohak2312/ROS2_JetsonCar/install/robosim --record /home/mohak2312/ROS2_JetsonCar/build/robosim/install.log --single-version-externally-managed
[7.535s] /home/mohak2312/.local/lib/python3.6/site-packages/setuptools/dist.py:645: UserWarning: Usage of dash-separated 'script-dir' will not be supported in future versions. Please use the underscore name 'script_dir' instead
[7.535s]   % (opt, underscore_opt))
[7.536s] /home/mohak2312/.local/lib/python3.6/site-packages/setuptools/dist.py:645: UserWarning: Usage of dash-separated 'install-scripts' will not be supported in future versions. Please use the underscore name 'install_scripts' instead
[7.536s]   % (opt, underscore_opt))
[7.741s] running egg_info
[7.744s] writing ../../build/robosim/robosim.egg-info/PKG-INFO
[7.746s] writing dependency_links to ../../build/robosim/robosim.egg-info/dependency_links.txt
[7.747s] writing entry points to ../../build/robosim/robosim.egg-info/entry_points.txt
[7.747s] writing requirements to ../../build/robosim/robosim.egg-info/requires.txt
[7.748s] writing top-level names to ../../build/robosim/robosim.egg-info/top_level.txt
[8.042s] reading manifest file '../../build/robosim/robosim.egg-info/SOURCES.txt'
[8.049s] writing manifest file '../../build/robosim/robosim.egg-info/SOURCES.txt'
[8.050s] running build
[8.050s] running build_py
[8.055s] copying robosim/robot_controller.py -> /home/mohak2312/ROS2_JetsonCar/build/robosim/build/lib/robosim
[8.057s] running install
[8.059s] running install_lib
[8.068s] copying /home/mohak2312/ROS2_JetsonCar/build/robosim/build/lib/robosim/robot_controller.py -> /home/mohak2312/ROS2_JetsonCar/install/robosim/lib/python3.6/site-packages/robosim
[8.086s] byte-compiling /home/mohak2312/ROS2_JetsonCar/install/robosim/lib/python3.6/site-packages/robosim/robot_controller.py to robot_controller.cpython-36.pyc
[8.087s] running install_data
[8.088s] Sorry: TabError: inconsistent use of tabs and spaces in indentation (robot_controller.py, line 124)
[8.093s] running install_egg_info
[8.116s] removing '/home/mohak2312/ROS2_JetsonCar/install/robosim/lib/python3.6/site-packages/robosim-0.0.0-py3.6.egg-info' (and everything under it)
[8.119s] Copying ../../build/robosim/robosim.egg-info to /home/mohak2312/ROS2_JetsonCar/install/robosim/lib/python3.6/site-packages/robosim-0.0.0-py3.6.egg-info
[8.123s] running install_scripts
[8.305s] Installing listener script to /home/mohak2312/ROS2_JetsonCar/install/robosim/lib/robosim
[8.307s] Installing talker script to /home/mohak2312/ROS2_JetsonCar/install/robosim/lib/robosim
[8.308s] writing list of installed files to '/home/mohak2312/ROS2_JetsonCar/build/robosim/install.log'
[8.431s] Invoked command in '/home/mohak2312/ROS2_JetsonCar/src/robosim' returned '0': PYTHONPATH=/home/mohak2312/ROS2_JetsonCar/install/robosim/lib/python3.6/site-packages:${PYTHONPATH} /usr/bin/python3 setup.py egg_info --egg-base ../../build/robosim build --build-base /home/mohak2312/ROS2_JetsonCar/build/robosim/build install --prefix /home/mohak2312/ROS2_JetsonCar/install/robosim --record /home/mohak2312/ROS2_JetsonCar/build/robosim/install.log --single-version-externally-managed
