[1.610s] Invoking command in '/home/mohak2312/ROS2_JetsonCar/src/robosim': PYTHONPATH=/home/mohak2312/ROS2_JetsonCar/install/robosim/lib/python3.6/site-packages: /usr/bin/python3 setup.py egg_info --egg-base ../../build/robosim build --build-base /home/mohak2312/ROS2_JetsonCar/build/robosim/build install --prefix /home/mohak2312/ROS2_JetsonCar/install/robosim --record /home/mohak2312/ROS2_JetsonCar/build/robosim/install.log --single-version-externally-managed
[2.842s] /home/mohak2312/.local/lib/python3.6/site-packages/setuptools/dist.py:645: UserWarning: Usage of dash-separated 'script-dir' will not be supported in future versions. Please use the underscore name 'script_dir' instead
[2.842s]   % (opt, underscore_opt))
[2.843s] /home/mohak2312/.local/lib/python3.6/site-packages/setuptools/dist.py:645: UserWarning: Usage of dash-separated 'install-scripts' will not be supported in future versions. Please use the underscore name 'install_scripts' instead
[2.843s]   % (opt, underscore_opt))
[3.021s] running egg_info
[3.024s] writing ../../build/robosim/robosim.egg-info/PKG-INFO
[3.026s] writing dependency_links to ../../build/robosim/robosim.egg-info/dependency_links.txt
[3.027s] writing entry points to ../../build/robosim/robosim.egg-info/entry_points.txt
[3.028s] writing requirements to ../../build/robosim/robosim.egg-info/requires.txt
[3.028s] writing top-level names to ../../build/robosim/robosim.egg-info/top_level.txt
[3.269s] reading manifest file '../../build/robosim/robosim.egg-info/SOURCES.txt'
[3.275s] writing manifest file '../../build/robosim/robosim.egg-info/SOURCES.txt'
[3.275s] running build
[3.276s] running build_py
[3.278s] copying robosim/robot_simulator.py -> /home/mohak2312/ROS2_JetsonCar/build/robosim/build/lib/robosim
[3.280s] copying robosim/robot_controller.py -> /home/mohak2312/ROS2_JetsonCar/build/robosim/build/lib/robosim
[3.281s] running install
[3.283s] running install_lib
[3.287s] copying /home/mohak2312/ROS2_JetsonCar/build/robosim/build/lib/robosim/robot_simulator.py -> /home/mohak2312/ROS2_JetsonCar/install/robosim/lib/python3.6/site-packages/robosim
[3.288s] copying /home/mohak2312/ROS2_JetsonCar/build/robosim/build/lib/robosim/robot_controller.py -> /home/mohak2312/ROS2_JetsonCar/install/robosim/lib/python3.6/site-packages/robosim
[3.290s] byte-compiling /home/mohak2312/ROS2_JetsonCar/install/robosim/lib/python3.6/site-packages/robosim/robot_simulator.py to robot_simulator.cpython-36.pyc
[3.294s] byte-compiling /home/mohak2312/ROS2_JetsonCar/install/robosim/lib/python3.6/site-packages/robosim/robot_controller.py to robot_controller.cpython-36.pyc
[3.298s] running install_data
[3.307s] running install_egg_info
[3.317s] removing '/home/mohak2312/ROS2_JetsonCar/install/robosim/lib/python3.6/site-packages/robosim-0.0.0-py3.6.egg-info' (and everything under it)
[3.318s] Copying ../../build/robosim/robosim.egg-info to /home/mohak2312/ROS2_JetsonCar/install/robosim/lib/python3.6/site-packages/robosim-0.0.0-py3.6.egg-info
[3.322s] running install_scripts
[3.417s] Installing listener script to /home/mohak2312/ROS2_JetsonCar/install/robosim/lib/robosim
[3.418s] Installing talker script to /home/mohak2312/ROS2_JetsonCar/install/robosim/lib/robosim
[3.419s] writing list of installed files to '/home/mohak2312/ROS2_JetsonCar/build/robosim/install.log'
[3.527s] Invoked command in '/home/mohak2312/ROS2_JetsonCar/src/robosim' returned '0': PYTHONPATH=/home/mohak2312/ROS2_JetsonCar/install/robosim/lib/python3.6/site-packages: /usr/bin/python3 setup.py egg_info --egg-base ../../build/robosim build --build-base /home/mohak2312/ROS2_JetsonCar/build/robosim/build install --prefix /home/mohak2312/ROS2_JetsonCar/install/robosim --record /home/mohak2312/ROS2_JetsonCar/build/robosim/install.log --single-version-externally-managed
