[1.487s] Invoking command in '/home/mohak2312/ROS2_JetsonCar/src/robosim': PYTHONPATH=/home/mohak2312/ROS2_JetsonCar/install/robosim/lib/python3.6/site-packages: /usr/bin/python3 setup.py egg_info --egg-base ../../build/robosim build --build-base /home/mohak2312/ROS2_JetsonCar/build/robosim/build install --prefix /home/mohak2312/ROS2_JetsonCar/install/robosim --record /home/mohak2312/ROS2_JetsonCar/build/robosim/install.log --single-version-externally-managed
[2.653s] /home/mohak2312/.local/lib/python3.6/site-packages/setuptools/dist.py:645: UserWarning: Usage of dash-separated 'script-dir' will not be supported in future versions. Please use the underscore name 'script_dir' instead
[2.654s]   % (opt, underscore_opt))
[2.654s] /home/mohak2312/.local/lib/python3.6/site-packages/setuptools/dist.py:645: UserWarning: Usage of dash-separated 'install-scripts' will not be supported in future versions. Please use the underscore name 'install_scripts' instead
[2.655s]   % (opt, underscore_opt))
[2.820s] running egg_info
[2.822s] writing ../../build/robosim/robosim.egg-info/PKG-INFO
[2.823s] writing dependency_links to ../../build/robosim/robosim.egg-info/dependency_links.txt
[2.824s] writing entry points to ../../build/robosim/robosim.egg-info/entry_points.txt
[2.825s] writing requirements to ../../build/robosim/robosim.egg-info/requires.txt
[2.825s] writing top-level names to ../../build/robosim/robosim.egg-info/top_level.txt
[3.011s] reading manifest file '../../build/robosim/robosim.egg-info/SOURCES.txt'
[3.017s] writing manifest file '../../build/robosim/robosim.egg-info/SOURCES.txt'
[3.018s] running build
[3.019s] running build_py
[3.020s] copying robosim/robot_simulator.py -> /home/mohak2312/ROS2_JetsonCar/build/robosim/build/lib/robosim
[3.020s] copying robosim/robot_controller.py -> /home/mohak2312/ROS2_JetsonCar/build/robosim/build/lib/robosim
[3.021s] running install
[3.023s] running install_lib
[3.025s] copying /home/mohak2312/ROS2_JetsonCar/build/robosim/build/lib/robosim/robot_simulator.py -> /home/mohak2312/ROS2_JetsonCar/install/robosim/lib/python3.6/site-packages/robosim
[3.026s] copying /home/mohak2312/ROS2_JetsonCar/build/robosim/build/lib/robosim/robot_controller.py -> /home/mohak2312/ROS2_JetsonCar/install/robosim/lib/python3.6/site-packages/robosim
[3.028s] byte-compiling /home/mohak2312/ROS2_JetsonCar/install/robosim/lib/python3.6/site-packages/robosim/robot_simulator.py to robot_simulator.cpython-36.pyc
[3.029s]   File "/home/mohak2312/ROS2_JetsonCar/install/robosim/lib/python3.6/site-packages/robosim/robot_simulator.py", line 38
[3.029s]     if(-0.5<cmd.linear.x<0.0 and -1<=cmd.angular.z<=1)
[3.030s]                                                      ^
[3.030s] SyntaxError: invalid syntax
[3.031s] 
[3.031s] byte-compiling /home/mohak2312/ROS2_JetsonCar/install/robosim/lib/python3.6/site-packages/robosim/robot_controller.py to robot_controller.cpython-36.pyc
[3.034s] running install_data
[3.036s] running install_egg_info
[3.044s] removing '/home/mohak2312/ROS2_JetsonCar/install/robosim/lib/python3.6/site-packages/robosim-0.0.0-py3.6.egg-info' (and everything under it)
[3.046s] Copying ../../build/robosim/robosim.egg-info to /home/mohak2312/ROS2_JetsonCar/install/robosim/lib/python3.6/site-packages/robosim-0.0.0-py3.6.egg-info
[3.049s] running install_scripts
[3.131s] Installing listener script to /home/mohak2312/ROS2_JetsonCar/install/robosim/lib/robosim
[3.132s] Installing talker script to /home/mohak2312/ROS2_JetsonCar/install/robosim/lib/robosim
[3.133s] writing list of installed files to '/home/mohak2312/ROS2_JetsonCar/build/robosim/install.log'
[3.239s] Invoked command in '/home/mohak2312/ROS2_JetsonCar/src/robosim' returned '0': PYTHONPATH=/home/mohak2312/ROS2_JetsonCar/install/robosim/lib/python3.6/site-packages: /usr/bin/python3 setup.py egg_info --egg-base ../../build/robosim build --build-base /home/mohak2312/ROS2_JetsonCar/build/robosim/build install --prefix /home/mohak2312/ROS2_JetsonCar/install/robosim --record /home/mohak2312/ROS2_JetsonCar/build/robosim/install.log --single-version-externally-managed
