[5.509s] Invoking command in '/home/mohak2312/ROS2_JetsonCar/src/robosim': PYTHONPATH=/home/mohak2312/ROS2_JetsonCar/install/robosim/lib/python3.6/site-packages:${PYTHONPATH} /usr/bin/python3 setup.py egg_info --egg-base ../../build/robosim build --build-base /home/mohak2312/ROS2_JetsonCar/build/robosim/build install --prefix /home/mohak2312/ROS2_JetsonCar/install/robosim --record /home/mohak2312/ROS2_JetsonCar/build/robosim/install.log --single-version-externally-managed
[8.244s] /home/mohak2312/.local/lib/python3.6/site-packages/setuptools/dist.py:645: UserWarning: Usage of dash-separated 'script-dir' will not be supported in future versions. Please use the underscore name 'script_dir' instead
[8.244s]   % (opt, underscore_opt))
[8.245s] /home/mohak2312/.local/lib/python3.6/site-packages/setuptools/dist.py:645: UserWarning: Usage of dash-separated 'install-scripts' will not be supported in future versions. Please use the underscore name 'install_scripts' instead
[8.245s]   % (opt, underscore_opt))
[8.453s] running egg_info
[8.457s] writing ../../build/robosim/robosim.egg-info/PKG-INFO
[8.459s] writing dependency_links to ../../build/robosim/robosim.egg-info/dependency_links.txt
[8.459s] writing entry points to ../../build/robosim/robosim.egg-info/entry_points.txt
[8.460s] writing requirements to ../../build/robosim/robosim.egg-info/requires.txt
[8.461s] writing top-level names to ../../build/robosim/robosim.egg-info/top_level.txt
[8.761s] reading manifest file '../../build/robosim/robosim.egg-info/SOURCES.txt'
[8.769s] writing manifest file '../../build/robosim/robosim.egg-info/SOURCES.txt'
[8.770s] running build
[8.771s] running build_py
[8.774s] copying robosim/robot_simulator.py -> /home/mohak2312/ROS2_JetsonCar/build/robosim/build/lib/robosim
[8.775s] copying robosim/robot_controller.py -> /home/mohak2312/ROS2_JetsonCar/build/robosim/build/lib/robosim
[8.776s] running install
[8.778s] running install_lib
[8.788s] copying /home/mohak2312/ROS2_JetsonCar/build/robosim/build/lib/robosim/robot_simulator.py -> /home/mohak2312/ROS2_JetsonCar/install/robosim/lib/python3.6/site-packages/robosim
[8.790s] copying /home/mohak2312/ROS2_JetsonCar/build/robosim/build/lib/robosim/robot_controller.py -> /home/mohak2312/ROS2_JetsonCar/install/robosim/lib/python3.6/site-packages/robosim
[8.807s] byte-compiling /home/mohak2312/ROS2_JetsonCar/install/robosim/lib/python3.6/site-packages/robosim/robot_simulator.py to robot_simulator.cpython-36.pyc
[8.812s] byte-compiling /home/mohak2312/ROS2_JetsonCar/install/robosim/lib/python3.6/site-packages/robosim/robot_controller.py to robot_controller.cpython-36.pyc
[8.814s] running install_data
[8.821s] running install_egg_info
[8.846s] removing '/home/mohak2312/ROS2_JetsonCar/install/robosim/lib/python3.6/site-packages/robosim-0.0.0-py3.6.egg-info' (and everything under it)
[8.849s] Copying ../../build/robosim/robosim.egg-info to /home/mohak2312/ROS2_JetsonCar/install/robosim/lib/python3.6/site-packages/robosim-0.0.0-py3.6.egg-info
[8.855s] running install_scripts
[9.048s] Installing listener script to /home/mohak2312/ROS2_JetsonCar/install/robosim/lib/robosim
[9.053s] Installing talker script to /home/mohak2312/ROS2_JetsonCar/install/robosim/lib/robosim
[9.054s] writing list of installed files to '/home/mohak2312/ROS2_JetsonCar/build/robosim/install.log'
[9.170s] Invoked command in '/home/mohak2312/ROS2_JetsonCar/src/robosim' returned '0': PYTHONPATH=/home/mohak2312/ROS2_JetsonCar/install/robosim/lib/python3.6/site-packages:${PYTHONPATH} /usr/bin/python3 setup.py egg_info --egg-base ../../build/robosim build --build-base /home/mohak2312/ROS2_JetsonCar/build/robosim/build install --prefix /home/mohak2312/ROS2_JetsonCar/install/robosim --record /home/mohak2312/ROS2_JetsonCar/build/robosim/install.log --single-version-externally-managed
