[1.948s] DEBUG:colcon:Command line arguments: ['/usr/bin/colcon', 'build', '--packages-select', 'robosim']
[1.948s] DEBUG:colcon:Parsed command line arguments: Namespace(ament_cmake_args=None, base_paths=['.'], build_base='build', catkin_cmake_args=None, catkin_skip_building_tests=False, cmake_args=None, cmake_clean_cache=False, cmake_clean_first=False, cmake_force_configure=False, cmake_target=None, cmake_target_skip_unavailable=False, continue_on_error=False, event_handlers=None, executor='parallel', ignore_user_meta=False, install_base='install', log_base=None, log_level=None, main=<bound method BuildVerb.main of <colcon_core.verb.build.BuildVerb object at 0x7f7e383748>>, merge_install=False, metas=['./colcon.meta'], packages_above=None, packages_above_and_dependencies=None, packages_above_depth=None, packages_end=None, packages_ignore=None, packages_ignore_regex=None, packages_select=['robosim'], packages_select_build_failed=False, packages_select_by_dep=None, packages_select_regex=None, packages_select_test_failures=False, packages_skip=None, packages_skip_build_finished=False, packages_skip_by_dep=None, packages_skip_regex=None, packages_skip_test_passed=False, packages_skip_up_to=None, packages_start=None, packages_up_to=None, packages_up_to_regex=None, parallel_workers=4, paths=None, symlink_install=False, test_result_base=None, verb_extension=<colcon_core.verb.build.BuildVerb object at 0x7f7e383748>, verb_name='build', verb_parser=<colcon_defaults.argument_parser.defaults.DefaultArgumentsDecorator object at 0x7f7e383ac8>)
[1.981s] Level 1:colcon.colcon_core.package_discovery:discover_packages(colcon_meta) check parameters
[1.982s] Level 1:colcon.colcon_core.package_discovery:discover_packages(recursive) check parameters
[1.982s] Level 1:colcon.colcon_core.package_discovery:discover_packages(ignore) check parameters
[1.982s] Level 1:colcon.colcon_core.package_discovery:discover_packages(path) check parameters
[1.982s] Level 1:colcon.colcon_core.package_discovery:discover_packages(colcon_meta) discover
[1.984s] Level 1:colcon.colcon_core.package_discovery:discover_packages(recursive) discover
[1.984s] INFO:colcon.colcon_core.package_discovery:Crawling recursively for packages in '/home/mohak2312/ROS2_JetsonCar'
[1.985s] Level 1:colcon.colcon_core.package_identification:_identify(.) by extensions ['ignore', 'ignore_ament_install']
[1.985s] Level 1:colcon.colcon_core.package_identification:_identify(.) by extension 'ignore'
[1.986s] Level 1:colcon.colcon_core.package_identification:_identify(.) by extension 'ignore_ament_install'
[1.986s] Level 1:colcon.colcon_core.package_identification:_identify(.) by extensions ['colcon_pkg']
[1.986s] Level 1:colcon.colcon_core.package_identification:_identify(.) by extension 'colcon_pkg'
[1.987s] Level 1:colcon.colcon_core.package_identification:_identify(.) by extensions ['colcon_meta']
[1.987s] Level 1:colcon.colcon_core.package_identification:_identify(.) by extension 'colcon_meta'
[1.987s] Level 1:colcon.colcon_core.package_identification:_identify(.) by extensions ['ros']
[1.988s] Level 1:colcon.colcon_core.package_identification:_identify(.) by extension 'ros'
[2.054s] Level 1:colcon.colcon_core.package_identification:_identify(.) by extensions ['cmake', 'python']
[2.055s] Level 1:colcon.colcon_core.package_identification:_identify(.) by extension 'cmake'
[2.055s] Level 1:colcon.colcon_core.package_identification:_identify(.) by extension 'python'
[2.055s] Level 1:colcon.colcon_core.package_identification:_identify(.) by extensions ['python_setup_py']
[2.056s] Level 1:colcon.colcon_core.package_identification:_identify(.) by extension 'python_setup_py'
[2.056s] Level 1:colcon.colcon_core.package_identification:_identify(build) by extensions ['ignore', 'ignore_ament_install']
[2.057s] Level 1:colcon.colcon_core.package_identification:_identify(build) by extension 'ignore'
[2.057s] Level 1:colcon.colcon_core.package_identification:_identify(build) ignored
[2.059s] Level 1:colcon.colcon_core.package_identification:_identify(install) by extensions ['ignore', 'ignore_ament_install']
[2.060s] Level 1:colcon.colcon_core.package_identification:_identify(install) by extension 'ignore'
[2.060s] Level 1:colcon.colcon_core.package_identification:_identify(install) ignored
[2.061s] Level 1:colcon.colcon_core.package_identification:_identify(log) by extensions ['ignore', 'ignore_ament_install']
[2.062s] Level 1:colcon.colcon_core.package_identification:_identify(log) by extension 'ignore'
[2.062s] Level 1:colcon.colcon_core.package_identification:_identify(log) ignored
[2.063s] Level 1:colcon.colcon_core.package_identification:_identify(src) by extensions ['ignore', 'ignore_ament_install']
[2.063s] Level 1:colcon.colcon_core.package_identification:_identify(src) by extension 'ignore'
[2.063s] Level 1:colcon.colcon_core.package_identification:_identify(src) by extension 'ignore_ament_install'
[2.064s] Level 1:colcon.colcon_core.package_identification:_identify(src) by extensions ['colcon_pkg']
[2.064s] Level 1:colcon.colcon_core.package_identification:_identify(src) by extension 'colcon_pkg'
[2.064s] Level 1:colcon.colcon_core.package_identification:_identify(src) by extensions ['colcon_meta']
[2.065s] Level 1:colcon.colcon_core.package_identification:_identify(src) by extension 'colcon_meta'
[2.065s] Level 1:colcon.colcon_core.package_identification:_identify(src) by extensions ['ros']
[2.065s] Level 1:colcon.colcon_core.package_identification:_identify(src) by extension 'ros'
[2.066s] Level 1:colcon.colcon_core.package_identification:_identify(src) by extensions ['cmake', 'python']
[2.066s] Level 1:colcon.colcon_core.package_identification:_identify(src) by extension 'cmake'
[2.066s] Level 1:colcon.colcon_core.package_identification:_identify(src) by extension 'python'
[2.066s] Level 1:colcon.colcon_core.package_identification:_identify(src) by extensions ['python_setup_py']
[2.067s] Level 1:colcon.colcon_core.package_identification:_identify(src) by extension 'python_setup_py'
[2.067s] Level 1:colcon.colcon_core.package_identification:_identify(src/robosim) by extensions ['ignore', 'ignore_ament_install']
[2.068s] Level 1:colcon.colcon_core.package_identification:_identify(src/robosim) by extension 'ignore'
[2.068s] Level 1:colcon.colcon_core.package_identification:_identify(src/robosim) by extension 'ignore_ament_install'
[2.068s] Level 1:colcon.colcon_core.package_identification:_identify(src/robosim) by extensions ['colcon_pkg']
[2.069s] Level 1:colcon.colcon_core.package_identification:_identify(src/robosim) by extension 'colcon_pkg'
[2.069s] Level 1:colcon.colcon_core.package_identification:_identify(src/robosim) by extensions ['colcon_meta']
[2.069s] Level 1:colcon.colcon_core.package_identification:_identify(src/robosim) by extension 'colcon_meta'
[2.070s] Level 1:colcon.colcon_core.package_identification:_identify(src/robosim) by extensions ['ros']
[2.070s] Level 1:colcon.colcon_core.package_identification:_identify(src/robosim) by extension 'ros'
[2.082s] DEBUG:colcon.colcon_core.package_identification:Package 'src/robosim' with type 'ros.ament_python' and name 'robosim'
[2.082s] Level 1:colcon.colcon_core.package_discovery:discover_packages(recursive) using defaults
[2.084s] Level 1:colcon.colcon_core.package_discovery:discover_packages(ignore) discover
[2.084s] Level 1:colcon.colcon_core.package_discovery:discover_packages(ignore) using defaults
[2.084s] Level 1:colcon.colcon_core.package_discovery:discover_packages(path) discover
[2.084s] Level 1:colcon.colcon_core.package_discovery:discover_packages(path) using defaults
[2.260s] Level 5:colcon.colcon_core.verb:set package 'robosim' build argument 'cmake_args' from command line to 'None'
[2.260s] Level 5:colcon.colcon_core.verb:set package 'robosim' build argument 'cmake_target' from command line to 'None'
[2.261s] Level 5:colcon.colcon_core.verb:set package 'robosim' build argument 'cmake_target_skip_unavailable' from command line to 'False'
[2.261s] Level 5:colcon.colcon_core.verb:set package 'robosim' build argument 'cmake_clean_cache' from command line to 'False'
[2.261s] Level 5:colcon.colcon_core.verb:set package 'robosim' build argument 'cmake_clean_first' from command line to 'False'
[2.261s] Level 5:colcon.colcon_core.verb:set package 'robosim' build argument 'cmake_force_configure' from command line to 'False'
[2.262s] Level 5:colcon.colcon_core.verb:set package 'robosim' build argument 'ament_cmake_args' from command line to 'None'
[2.262s] Level 5:colcon.colcon_core.verb:set package 'robosim' build argument 'catkin_cmake_args' from command line to 'None'
[2.262s] Level 5:colcon.colcon_core.verb:set package 'robosim' build argument 'catkin_skip_building_tests' from command line to 'False'
[2.262s] DEBUG:colcon.colcon_core.verb:Building package 'robosim' with the following arguments: {'ament_cmake_args': None, 'build_base': '/home/mohak2312/ROS2_JetsonCar/build/robosim', 'catkin_cmake_args': None, 'catkin_skip_building_tests': False, 'cmake_args': None, 'cmake_clean_cache': False, 'cmake_clean_first': False, 'cmake_force_configure': False, 'cmake_target': None, 'cmake_target_skip_unavailable': False, 'install_base': '/home/mohak2312/ROS2_JetsonCar/install/robosim', 'merge_install': False, 'path': '/home/mohak2312/ROS2_JetsonCar/src/robosim', 'symlink_install': False, 'test_result_base': None}
[2.265s] INFO:colcon.colcon_core.executor:Executing jobs using 'parallel' executor
[2.278s] DEBUG:colcon.colcon_parallel_executor.executor.parallel:run_until_complete
[2.279s] INFO:colcon.colcon_ros.task.ament_python.build:Building ROS package in '/home/mohak2312/ROS2_JetsonCar/src/robosim' with build type 'ament_python'
[2.280s] Level 1:colcon.colcon_core.shell:create_environment_hook('robosim', 'ament_prefix_path')
[2.299s] INFO:colcon.colcon_core.plugin_system:Skipping extension 'colcon_core.shell.bat': Not used on non-Windows systems
[2.301s] INFO:colcon.colcon_core.shell:Creating environment hook '/home/mohak2312/ROS2_JetsonCar/install/robosim/share/robosim/hook/ament_prefix_path.ps1'
[2.304s] INFO:colcon.colcon_core.shell:Creating environment descriptor '/home/mohak2312/ROS2_JetsonCar/install/robosim/share/robosim/hook/ament_prefix_path.dsv'
[2.307s] INFO:colcon.colcon_core.shell:Creating environment hook '/home/mohak2312/ROS2_JetsonCar/install/robosim/share/robosim/hook/ament_prefix_path.sh'
[2.314s] INFO:colcon.colcon_core.shell:Skip shell extension 'powershell' for command environment: Not usable outside of PowerShell
[2.314s] DEBUG:colcon.colcon_core.shell:Skip shell extension 'dsv' for command environment
[3.794s] INFO:colcon.colcon_core.task.python.build:Building Python package in '/home/mohak2312/ROS2_JetsonCar/src/robosim'
[3.799s] INFO:colcon.colcon_core.shell:Skip shell extension 'powershell' for command environment: Not usable outside of PowerShell
[3.800s] DEBUG:colcon.colcon_core.shell:Skip shell extension 'dsv' for command environment
[3.834s] DEBUG:colcon.colcon_core.event_handler.log_command:Invoking command in '/home/mohak2312/ROS2_JetsonCar/src/robosim': PYTHONPATH=/home/mohak2312/ROS2_JetsonCar/install/robosim/lib/python3.6/site-packages: /usr/bin/python3 setup.py egg_info --egg-base ../../build/robosim build --build-base /home/mohak2312/ROS2_JetsonCar/build/robosim/build install --prefix /home/mohak2312/ROS2_JetsonCar/install/robosim --record /home/mohak2312/ROS2_JetsonCar/build/robosim/install.log --single-version-externally-managed
[5.675s] DEBUG:colcon.colcon_core.event_handler.log_command:Invoked command in '/home/mohak2312/ROS2_JetsonCar/src/robosim' returned '0': PYTHONPATH=/home/mohak2312/ROS2_JetsonCar/install/robosim/lib/python3.6/site-packages: /usr/bin/python3 setup.py egg_info --egg-base ../../build/robosim build --build-base /home/mohak2312/ROS2_JetsonCar/build/robosim/build install --prefix /home/mohak2312/ROS2_JetsonCar/install/robosim --record /home/mohak2312/ROS2_JetsonCar/build/robosim/install.log --single-version-externally-managed
[5.689s] Level 1:colcon.colcon_core.environment:checking '/home/mohak2312/ROS2_JetsonCar/install/robosim' for CMake module files
[5.693s] Level 1:colcon.colcon_core.environment:checking '/home/mohak2312/ROS2_JetsonCar/install/robosim' for CMake config files
[5.699s] Level 1:colcon.colcon_core.environment:checking '/home/mohak2312/ROS2_JetsonCar/install/robosim/lib'
[5.700s] Level 1:colcon.colcon_core.environment:checking '/home/mohak2312/ROS2_JetsonCar/install/robosim/bin'
[5.701s] Level 1:colcon.colcon_core.environment:checking '/home/mohak2312/ROS2_JetsonCar/install/robosim/lib/pkgconfig/robosim.pc'
[5.701s] Level 1:colcon.colcon_core.environment:checking '/home/mohak2312/ROS2_JetsonCar/install/robosim/lib/python3.6/site-packages'
[5.702s] Level 1:colcon.colcon_core.shell:create_environment_hook('robosim', 'pythonpath')
[5.706s] INFO:colcon.colcon_core.shell:Creating environment hook '/home/mohak2312/ROS2_JetsonCar/install/robosim/share/robosim/hook/pythonpath.ps1'
[5.708s] INFO:colcon.colcon_core.shell:Creating environment descriptor '/home/mohak2312/ROS2_JetsonCar/install/robosim/share/robosim/hook/pythonpath.dsv'
[5.709s] INFO:colcon.colcon_core.shell:Creating environment hook '/home/mohak2312/ROS2_JetsonCar/install/robosim/share/robosim/hook/pythonpath.sh'
[5.711s] Level 1:colcon.colcon_core.environment:create_environment_scripts_only(robosim)
[5.716s] INFO:colcon.colcon_core.shell:Creating package script '/home/mohak2312/ROS2_JetsonCar/install/robosim/share/robosim/package.ps1'
[5.721s] INFO:colcon.colcon_core.shell:Creating package descriptor '/home/mohak2312/ROS2_JetsonCar/install/robosim/share/robosim/package.dsv'
[5.725s] INFO:colcon.colcon_core.shell:Creating package script '/home/mohak2312/ROS2_JetsonCar/install/robosim/share/robosim/package.sh'
[5.731s] INFO:colcon.colcon_core.shell:Creating package script '/home/mohak2312/ROS2_JetsonCar/install/robosim/share/robosim/package.bash'
[5.737s] INFO:colcon.colcon_core.shell:Creating package script '/home/mohak2312/ROS2_JetsonCar/install/robosim/share/robosim/package.zsh'
[5.741s] Level 1:colcon.colcon_core.environment:create_file_with_runtime_dependencies(/home/mohak2312/ROS2_JetsonCar/install/robosim/share/colcon-core/packages/robosim)
[5.743s] DEBUG:colcon.colcon_parallel_executor.executor.parallel:closing loop
[5.745s] DEBUG:colcon.colcon_parallel_executor.executor.parallel:loop closed
[5.745s] DEBUG:colcon.colcon_parallel_executor.executor.parallel:run_until_complete finished with '0'
[5.746s] DEBUG:colcon.colcon_core.event_reactor:joining thread
[5.775s] INFO:colcon.colcon_core.plugin_system:Skipping extension 'colcon_notification.desktop_notification.terminal_notifier': Not used on non-Darwin systems
[5.776s] INFO:colcon.colcon_core.plugin_system:Skipping extension 'colcon_notification.desktop_notification.win32': Not used on non-Windows systems
[5.776s] INFO:colcon.colcon_notification.desktop_notification:Sending desktop notification using 'notify2'
[5.959s] DEBUG:colcon.colcon_core.event_reactor:joined thread
[5.965s] INFO:colcon.colcon_core.shell:Creating prefix script '/home/mohak2312/ROS2_JetsonCar/install/local_setup.ps1'
[5.975s] INFO:colcon.colcon_core.shell:Creating prefix util module '/home/mohak2312/ROS2_JetsonCar/install/_local_setup_util_ps1.py'
[5.985s] INFO:colcon.colcon_core.shell:Creating prefix chain script '/home/mohak2312/ROS2_JetsonCar/install/setup.ps1'
[6.002s] INFO:colcon.colcon_core.shell:Creating prefix script '/home/mohak2312/ROS2_JetsonCar/install/local_setup.sh'
[6.005s] INFO:colcon.colcon_core.shell:Creating prefix util module '/home/mohak2312/ROS2_JetsonCar/install/_local_setup_util_sh.py'
[6.008s] INFO:colcon.colcon_core.shell:Creating prefix chain script '/home/mohak2312/ROS2_JetsonCar/install/setup.sh'
[6.025s] INFO:colcon.colcon_core.shell:Creating prefix script '/home/mohak2312/ROS2_JetsonCar/install/local_setup.bash'
[6.028s] INFO:colcon.colcon_core.shell:Creating prefix chain script '/home/mohak2312/ROS2_JetsonCar/install/setup.bash'
[6.045s] INFO:colcon.colcon_core.shell:Creating prefix script '/home/mohak2312/ROS2_JetsonCar/install/local_setup.zsh'
[6.048s] INFO:colcon.colcon_core.shell:Creating prefix chain script '/home/mohak2312/ROS2_JetsonCar/install/setup.zsh'
