[3.405s] Invoking command in '/home/mohak2312/ROS2_JetsonCar/src/robosim': PYTHONPATH=/home/mohak2312/ROS2_JetsonCar/install/robosim/lib/python3.6/site-packages:${PYTHONPATH} /usr/bin/python3 setup.py egg_info --egg-base ../../build/robosim build --build-base /home/mohak2312/ROS2_JetsonCar/build/robosim/build install --prefix /home/mohak2312/ROS2_JetsonCar/install/robosim --record /home/mohak2312/ROS2_JetsonCar/build/robosim/install.log --single-version-externally-managed
[6.123s] /home/mohak2312/.local/lib/python3.6/site-packages/setuptools/dist.py:645: UserWarning: Usage of dash-separated 'script-dir' will not be supported in future versions. Please use the underscore name 'script_dir' instead
[6.124s]   % (opt, underscore_opt))
[6.124s] /home/mohak2312/.local/lib/python3.6/site-packages/setuptools/dist.py:645: UserWarning: Usage of dash-separated 'install-scripts' will not be supported in future versions. Please use the underscore name 'install_scripts' instead
[6.125s]   % (opt, underscore_opt))
[6.331s] running egg_info
[6.334s] writing ../../build/robosim/robosim.egg-info/PKG-INFO
[6.335s] writing dependency_links to ../../build/robosim/robosim.egg-info/dependency_links.txt
[6.336s] writing entry points to ../../build/robosim/robosim.egg-info/entry_points.txt
[6.337s] writing requirements to ../../build/robosim/robosim.egg-info/requires.txt
[6.338s] writing top-level names to ../../build/robosim/robosim.egg-info/top_level.txt
[6.613s] reading manifest file '../../build/robosim/robosim.egg-info/SOURCES.txt'
[6.622s] writing manifest file '../../build/robosim/robosim.egg-info/SOURCES.txt'
[6.622s] running build
[6.623s] running build_py
[6.624s] copying robosim/robot_controller.py -> /home/mohak2312/ROS2_JetsonCar/build/robosim/build/lib/robosim
[6.624s] running install
[6.626s] running install_lib
[6.632s] copying /home/mohak2312/ROS2_JetsonCar/build/robosim/build/lib/robosim/robot_controller.py -> /home/mohak2312/ROS2_JetsonCar/install/robosim/lib/python3.6/site-packages/robosim
[6.646s] byte-compiling /home/mohak2312/ROS2_JetsonCar/install/robosim/lib/python3.6/site-packages/robosim/robot_controller.py to robot_controller.cpython-36.pyc
[6.650s] running install_data
[6.653s] running install_egg_info
[6.675s] removing '/home/mohak2312/ROS2_JetsonCar/install/robosim/lib/python3.6/site-packages/robosim-0.0.0-py3.6.egg-info' (and everything under it)
[6.677s] Copying ../../build/robosim/robosim.egg-info to /home/mohak2312/ROS2_JetsonCar/install/robosim/lib/python3.6/site-packages/robosim-0.0.0-py3.6.egg-info
[6.681s] running install_scripts
[6.849s] Installing listener script to /home/mohak2312/ROS2_JetsonCar/install/robosim/lib/robosim
[6.850s] Installing talker script to /home/mohak2312/ROS2_JetsonCar/install/robosim/lib/robosim
[6.851s] writing list of installed files to '/home/mohak2312/ROS2_JetsonCar/build/robosim/install.log'
[6.965s] Invoked command in '/home/mohak2312/ROS2_JetsonCar/src/robosim' returned '0': PYTHONPATH=/home/mohak2312/ROS2_JetsonCar/install/robosim/lib/python3.6/site-packages:${PYTHONPATH} /usr/bin/python3 setup.py egg_info --egg-base ../../build/robosim build --build-base /home/mohak2312/ROS2_JetsonCar/build/robosim/build install --prefix /home/mohak2312/ROS2_JetsonCar/install/robosim --record /home/mohak2312/ROS2_JetsonCar/build/robosim/install.log --single-version-externally-managed
