[4.119s] Invoking command in '/home/mohak2312/ROS2_JetsonCar/src/robosim': PYTHONPATH=/home/mohak2312/ROS2_JetsonCar/install/robosim/lib/python3.6/site-packages:${PYTHONPATH} /usr/bin/python3 setup.py egg_info --egg-base ../../build/robosim build --build-base /home/mohak2312/ROS2_JetsonCar/build/robosim/build install --prefix /home/mohak2312/ROS2_JetsonCar/install/robosim --record /home/mohak2312/ROS2_JetsonCar/build/robosim/install.log --single-version-externally-managed
[6.853s] /home/mohak2312/.local/lib/python3.6/site-packages/setuptools/dist.py:645: UserWarning: Usage of dash-separated 'script-dir' will not be supported in future versions. Please use the underscore name 'script_dir' instead
[6.853s]   % (opt, underscore_opt))
[6.854s] /home/mohak2312/.local/lib/python3.6/site-packages/setuptools/dist.py:645: UserWarning: Usage of dash-separated 'install-scripts' will not be supported in future versions. Please use the underscore name 'install_scripts' instead
[6.854s]   % (opt, underscore_opt))
[7.082s] running egg_info
[7.087s] writing ../../build/robosim/robosim.egg-info/PKG-INFO
[7.089s] writing dependency_links to ../../build/robosim/robosim.egg-info/dependency_links.txt
[7.090s] writing entry points to ../../build/robosim/robosim.egg-info/entry_points.txt
[7.091s] writing requirements to ../../build/robosim/robosim.egg-info/requires.txt
[7.092s] writing top-level names to ../../build/robosim/robosim.egg-info/top_level.txt
[7.371s] reading manifest file '../../build/robosim/robosim.egg-info/SOURCES.txt'
[7.379s] writing manifest file '../../build/robosim/robosim.egg-info/SOURCES.txt'
[7.380s] running build
[7.382s] running build_py
[7.382s] copying robosim/robot_controller.py -> /home/mohak2312/ROS2_JetsonCar/build/robosim/build/lib/robosim
[7.383s] running install
[7.385s] running install_lib
[7.396s] copying /home/mohak2312/ROS2_JetsonCar/build/robosim/build/lib/robosim/robot_controller.py -> /home/mohak2312/ROS2_JetsonCar/install/robosim/lib/python3.6/site-packages/robosim
[7.409s] byte-compiling /home/mohak2312/ROS2_JetsonCar/install/robosim/lib/python3.6/site-packages/robosim/robot_controller.py to robot_controller.cpython-36.pyc
[7.413s] running install_data
[7.417s] running install_egg_info
[7.438s] removing '/home/mohak2312/ROS2_JetsonCar/install/robosim/lib/python3.6/site-packages/robosim-0.0.0-py3.6.egg-info' (and everything under it)
[7.440s] Copying ../../build/robosim/robosim.egg-info to /home/mohak2312/ROS2_JetsonCar/install/robosim/lib/python3.6/site-packages/robosim-0.0.0-py3.6.egg-info
[7.445s] running install_scripts
[7.613s] Installing listener script to /home/mohak2312/ROS2_JetsonCar/install/robosim/lib/robosim
[7.615s] Installing talker script to /home/mohak2312/ROS2_JetsonCar/install/robosim/lib/robosim
[7.616s] writing list of installed files to '/home/mohak2312/ROS2_JetsonCar/build/robosim/install.log'
[7.731s] Invoked command in '/home/mohak2312/ROS2_JetsonCar/src/robosim' returned '0': PYTHONPATH=/home/mohak2312/ROS2_JetsonCar/install/robosim/lib/python3.6/site-packages:${PYTHONPATH} /usr/bin/python3 setup.py egg_info --egg-base ../../build/robosim build --build-base /home/mohak2312/ROS2_JetsonCar/build/robosim/build install --prefix /home/mohak2312/ROS2_JetsonCar/install/robosim --record /home/mohak2312/ROS2_JetsonCar/build/robosim/install.log --single-version-externally-managed
