[1.506s] Invoking command in '/home/mohak2312/ROS2_JetsonCar/src/robosim': PYTHONPATH=/home/mohak2312/ROS2_JetsonCar/install/robosim/lib/python3.6/site-packages: /usr/bin/python3 setup.py egg_info --egg-base ../../build/robosim build --build-base /home/mohak2312/ROS2_JetsonCar/build/robosim/build install --prefix /home/mohak2312/ROS2_JetsonCar/install/robosim --record /home/mohak2312/ROS2_JetsonCar/build/robosim/install.log --single-version-externally-managed
[2.701s] /home/mohak2312/.local/lib/python3.6/site-packages/setuptools/dist.py:645: UserWarning: Usage of dash-separated 'script-dir' will not be supported in future versions. Please use the underscore name 'script_dir' instead
[2.702s]   % (opt, underscore_opt))
[2.702s] /home/mohak2312/.local/lib/python3.6/site-packages/setuptools/dist.py:645: UserWarning: Usage of dash-separated 'install-scripts' will not be supported in future versions. Please use the underscore name 'install_scripts' instead
[2.703s]   % (opt, underscore_opt))
[2.872s] running egg_info
[2.874s] writing ../../build/robosim/robosim.egg-info/PKG-INFO
[2.875s] writing dependency_links to ../../build/robosim/robosim.egg-info/dependency_links.txt
[2.876s] writing entry points to ../../build/robosim/robosim.egg-info/entry_points.txt
[2.877s] writing requirements to ../../build/robosim/robosim.egg-info/requires.txt
[2.877s] writing top-level names to ../../build/robosim/robosim.egg-info/top_level.txt
[3.068s] reading manifest file '../../build/robosim/robosim.egg-info/SOURCES.txt'
[3.075s] writing manifest file '../../build/robosim/robosim.egg-info/SOURCES.txt'
[3.075s] running build
[3.076s] running build_py
[3.077s] running install
[3.078s] running install_lib
[3.083s] running install_data
[3.086s] running install_egg_info
[3.093s] removing '/home/mohak2312/ROS2_JetsonCar/install/robosim/lib/python3.6/site-packages/robosim-0.0.0-py3.6.egg-info' (and everything under it)
[3.094s] Copying ../../build/robosim/robosim.egg-info to /home/mohak2312/ROS2_JetsonCar/install/robosim/lib/python3.6/site-packages/robosim-0.0.0-py3.6.egg-info
[3.098s] running install_scripts
[3.182s] Installing listener script to /home/mohak2312/ROS2_JetsonCar/install/robosim/lib/robosim
[3.183s] Installing talker script to /home/mohak2312/ROS2_JetsonCar/install/robosim/lib/robosim
[3.184s] writing list of installed files to '/home/mohak2312/ROS2_JetsonCar/build/robosim/install.log'
[3.292s] Invoked command in '/home/mohak2312/ROS2_JetsonCar/src/robosim' returned '0': PYTHONPATH=/home/mohak2312/ROS2_JetsonCar/install/robosim/lib/python3.6/site-packages: /usr/bin/python3 setup.py egg_info --egg-base ../../build/robosim build --build-base /home/mohak2312/ROS2_JetsonCar/build/robosim/build install --prefix /home/mohak2312/ROS2_JetsonCar/install/robosim --record /home/mohak2312/ROS2_JetsonCar/build/robosim/install.log --single-version-externally-managed
