[3.634s] Invoking command in '/home/mohak2312/ROS2_JetsonCar/src/robosim': PYTHONPATH=/home/mohak2312/ROS2_JetsonCar/install/robosim/lib/python3.6/site-packages:${PYTHONPATH} /usr/bin/python3 setup.py egg_info --egg-base ../../build/robosim build --build-base /home/mohak2312/ROS2_JetsonCar/build/robosim/build install --prefix /home/mohak2312/ROS2_JetsonCar/install/robosim --record /home/mohak2312/ROS2_JetsonCar/build/robosim/install.log --single-version-externally-managed
[6.311s] /home/mohak2312/.local/lib/python3.6/site-packages/setuptools/dist.py:645: UserWarning: Usage of dash-separated 'script-dir' will not be supported in future versions. Please use the underscore name 'script_dir' instead
[6.312s]   % (opt, underscore_opt))
[6.313s] /home/mohak2312/.local/lib/python3.6/site-packages/setuptools/dist.py:645: UserWarning: Usage of dash-separated 'install-scripts' will not be supported in future versions. Please use the underscore name 'install_scripts' instead
[6.313s]   % (opt, underscore_opt))
[6.526s] running egg_info
[6.530s] writing ../../build/robosim/robosim.egg-info/PKG-INFO
[6.530s] writing dependency_links to ../../build/robosim/robosim.egg-info/dependency_links.txt
[6.531s] writing entry points to ../../build/robosim/robosim.egg-info/entry_points.txt
[6.532s] writing requirements to ../../build/robosim/robosim.egg-info/requires.txt
[6.532s] writing top-level names to ../../build/robosim/robosim.egg-info/top_level.txt
[6.812s] reading manifest file '../../build/robosim/robosim.egg-info/SOURCES.txt'
[6.819s] writing manifest file '../../build/robosim/robosim.egg-info/SOURCES.txt'
[6.820s] running build
[6.821s] running build_py
[6.821s] copying robosim/robot_controller.py -> /home/mohak2312/ROS2_JetsonCar/build/robosim/build/lib/robosim
[6.822s] running install
[6.824s] running install_lib
[6.829s] copying /home/mohak2312/ROS2_JetsonCar/build/robosim/build/lib/robosim/robot_controller.py -> /home/mohak2312/ROS2_JetsonCar/install/robosim/lib/python3.6/site-packages/robosim
[6.843s] byte-compiling /home/mohak2312/ROS2_JetsonCar/install/robosim/lib/python3.6/site-packages/robosim/robot_controller.py to robot_controller.cpython-36.pyc
[6.844s] running install_data
[6.845s] Sorry: TabError: inconsistent use of tabs and spaces in indentation (robot_controller.py, line 48)
[6.848s] running install_egg_info
[6.870s] removing '/home/mohak2312/ROS2_JetsonCar/install/robosim/lib/python3.6/site-packages/robosim-0.0.0-py3.6.egg-info' (and everything under it)
[6.871s] Copying ../../build/robosim/robosim.egg-info to /home/mohak2312/ROS2_JetsonCar/install/robosim/lib/python3.6/site-packages/robosim-0.0.0-py3.6.egg-info
[6.876s] running install_scripts
[7.053s] Installing listener script to /home/mohak2312/ROS2_JetsonCar/install/robosim/lib/robosim
[7.054s] Installing talker script to /home/mohak2312/ROS2_JetsonCar/install/robosim/lib/robosim
[7.055s] writing list of installed files to '/home/mohak2312/ROS2_JetsonCar/build/robosim/install.log'
[7.167s] Invoked command in '/home/mohak2312/ROS2_JetsonCar/src/robosim' returned '0': PYTHONPATH=/home/mohak2312/ROS2_JetsonCar/install/robosim/lib/python3.6/site-packages:${PYTHONPATH} /usr/bin/python3 setup.py egg_info --egg-base ../../build/robosim build --build-base /home/mohak2312/ROS2_JetsonCar/build/robosim/build install --prefix /home/mohak2312/ROS2_JetsonCar/install/robosim --record /home/mohak2312/ROS2_JetsonCar/build/robosim/install.log --single-version-externally-managed
