[5.025s] Invoking command in '/home/mohak2312/ROS2_JetsonCar/src/robosim': PYTHONPATH=/home/mohak2312/ROS2_JetsonCar/install/robosim/lib/python3.6/site-packages:${PYTHONPATH} /usr/bin/python3 setup.py egg_info --egg-base ../../build/robosim build --build-base /home/mohak2312/ROS2_JetsonCar/build/robosim/build install --prefix /home/mohak2312/ROS2_JetsonCar/install/robosim --record /home/mohak2312/ROS2_JetsonCar/build/robosim/install.log --single-version-externally-managed
[7.883s] /home/mohak2312/.local/lib/python3.6/site-packages/setuptools/dist.py:645: UserWarning: Usage of dash-separated 'script-dir' will not be supported in future versions. Please use the underscore name 'script_dir' instead
[7.883s]   % (opt, underscore_opt))
[7.884s] /home/mohak2312/.local/lib/python3.6/site-packages/setuptools/dist.py:645: UserWarning: Usage of dash-separated 'install-scripts' will not be supported in future versions. Please use the underscore name 'install_scripts' instead
[7.885s]   % (opt, underscore_opt))
[8.095s] running egg_info
[8.098s] writing ../../build/robosim/robosim.egg-info/PKG-INFO
[8.100s] writing dependency_links to ../../build/robosim/robosim.egg-info/dependency_links.txt
[8.101s] writing entry points to ../../build/robosim/robosim.egg-info/entry_points.txt
[8.101s] writing requirements to ../../build/robosim/robosim.egg-info/requires.txt
[8.102s] writing top-level names to ../../build/robosim/robosim.egg-info/top_level.txt
[8.400s] reading manifest file '../../build/robosim/robosim.egg-info/SOURCES.txt'
[8.408s] writing manifest file '../../build/robosim/robosim.egg-info/SOURCES.txt'
[8.408s] running build
[8.409s] running build_py
[8.411s] copying robosim/robot_controller.py -> /home/mohak2312/ROS2_JetsonCar/build/robosim/build/lib/robosim
[8.414s] running install
[8.416s] running install_lib
[8.427s] copying /home/mohak2312/ROS2_JetsonCar/build/robosim/build/lib/robosim/robot_controller.py -> /home/mohak2312/ROS2_JetsonCar/install/robosim/lib/python3.6/site-packages/robosim
[8.447s] byte-compiling /home/mohak2312/ROS2_JetsonCar/install/robosim/lib/python3.6/site-packages/robosim/robot_controller.py to robot_controller.cpython-36.pyc
[8.453s] running install_data
[8.459s] running install_egg_info
[8.504s] removing '/home/mohak2312/ROS2_JetsonCar/install/robosim/lib/python3.6/site-packages/robosim-0.0.0-py3.6.egg-info' (and everything under it)
[8.510s] Copying ../../build/robosim/robosim.egg-info to /home/mohak2312/ROS2_JetsonCar/install/robosim/lib/python3.6/site-packages/robosim-0.0.0-py3.6.egg-info
[8.519s] running install_scripts
[8.691s] Installing listener script to /home/mohak2312/ROS2_JetsonCar/install/robosim/lib/robosim
[8.696s] Installing talker script to /home/mohak2312/ROS2_JetsonCar/install/robosim/lib/robosim
[8.698s] writing list of installed files to '/home/mohak2312/ROS2_JetsonCar/build/robosim/install.log'
[8.812s] Invoked command in '/home/mohak2312/ROS2_JetsonCar/src/robosim' returned '0': PYTHONPATH=/home/mohak2312/ROS2_JetsonCar/install/robosim/lib/python3.6/site-packages:${PYTHONPATH} /usr/bin/python3 setup.py egg_info --egg-base ../../build/robosim build --build-base /home/mohak2312/ROS2_JetsonCar/build/robosim/build install --prefix /home/mohak2312/ROS2_JetsonCar/install/robosim --record /home/mohak2312/ROS2_JetsonCar/build/robosim/install.log --single-version-externally-managed
