[3.929s] Invoking command in '/home/mohak2312/ROS2_JetsonCar/src/robosim': PYTHONPATH=/home/mohak2312/ROS2_JetsonCar/install/robosim/lib/python3.6/site-packages:${PYTHONPATH} /usr/bin/python3 setup.py egg_info --egg-base ../../build/robosim build --build-base /home/mohak2312/ROS2_JetsonCar/build/robosim/build install --prefix /home/mohak2312/ROS2_JetsonCar/install/robosim --record /home/mohak2312/ROS2_JetsonCar/build/robosim/install.log --single-version-externally-managed
[6.591s] /home/mohak2312/.local/lib/python3.6/site-packages/setuptools/dist.py:645: UserWarning: Usage of dash-separated 'script-dir' will not be supported in future versions. Please use the underscore name 'script_dir' instead
[6.592s]   % (opt, underscore_opt))
[6.593s] /home/mohak2312/.local/lib/python3.6/site-packages/setuptools/dist.py:645: UserWarning: Usage of dash-separated 'install-scripts' will not be supported in future versions. Please use the underscore name 'install_scripts' instead
[6.593s]   % (opt, underscore_opt))
[6.797s] running egg_info
[6.800s] writing ../../build/robosim/robosim.egg-info/PKG-INFO
[6.801s] writing dependency_links to ../../build/robosim/robosim.egg-info/dependency_links.txt
[6.802s] writing entry points to ../../build/robosim/robosim.egg-info/entry_points.txt
[6.803s] writing requirements to ../../build/robosim/robosim.egg-info/requires.txt
[6.803s] writing top-level names to ../../build/robosim/robosim.egg-info/top_level.txt
[7.084s] reading manifest file '../../build/robosim/robosim.egg-info/SOURCES.txt'
[7.091s] writing manifest file '../../build/robosim/robosim.egg-info/SOURCES.txt'
[7.092s] running build
[7.092s] running build_py
[7.093s] copying robosim/robot_controller.py -> /home/mohak2312/ROS2_JetsonCar/build/robosim/build/lib/robosim
[7.094s] running install
[7.096s] running install_lib
[7.101s] copying /home/mohak2312/ROS2_JetsonCar/build/robosim/build/lib/robosim/robot_controller.py -> /home/mohak2312/ROS2_JetsonCar/install/robosim/lib/python3.6/site-packages/robosim
[7.115s] byte-compiling /home/mohak2312/ROS2_JetsonCar/install/robosim/lib/python3.6/site-packages/robosim/robot_controller.py to robot_controller.cpython-36.pyc
[7.116s] running install_data
[7.116s] Sorry: TabError: inconsistent use of tabs and spaces in indentation (robot_controller.py, line 54)
[7.120s] running install_egg_info
[7.144s] removing '/home/mohak2312/ROS2_JetsonCar/install/robosim/lib/python3.6/site-packages/robosim-0.0.0-py3.6.egg-info' (and everything under it)
[7.145s] Copying ../../build/robosim/robosim.egg-info to /home/mohak2312/ROS2_JetsonCar/install/robosim/lib/python3.6/site-packages/robosim-0.0.0-py3.6.egg-info
[7.151s] running install_scripts
[7.340s] Installing listener script to /home/mohak2312/ROS2_JetsonCar/install/robosim/lib/robosim
[7.340s] Installing talker script to /home/mohak2312/ROS2_JetsonCar/install/robosim/lib/robosim
[7.341s] writing list of installed files to '/home/mohak2312/ROS2_JetsonCar/build/robosim/install.log'
[7.458s] Invoked command in '/home/mohak2312/ROS2_JetsonCar/src/robosim' returned '0': PYTHONPATH=/home/mohak2312/ROS2_JetsonCar/install/robosim/lib/python3.6/site-packages:${PYTHONPATH} /usr/bin/python3 setup.py egg_info --egg-base ../../build/robosim build --build-base /home/mohak2312/ROS2_JetsonCar/build/robosim/build install --prefix /home/mohak2312/ROS2_JetsonCar/install/robosim --record /home/mohak2312/ROS2_JetsonCar/build/robosim/install.log --single-version-externally-managed
