[6.825s] Invoking command in '/home/mohak2312/ROS2_JetsonCar/src/robosim': PYTHONPATH=/home/mohak2312/ROS2_JetsonCar/install/robosim/lib/python3.6/site-packages:${PYTHONPATH} /usr/bin/python3 setup.py egg_info --egg-base ../../build/robosim build --build-base /home/mohak2312/ROS2_JetsonCar/build/robosim/build install --prefix /home/mohak2312/ROS2_JetsonCar/install/robosim --record /home/mohak2312/ROS2_JetsonCar/build/robosim/install.log --single-version-externally-managed
[9.574s] /home/mohak2312/.local/lib/python3.6/site-packages/setuptools/dist.py:645: UserWarning: Usage of dash-separated 'script-dir' will not be supported in future versions. Please use the underscore name 'script_dir' instead
[9.574s]   % (opt, underscore_opt))
[9.575s] /home/mohak2312/.local/lib/python3.6/site-packages/setuptools/dist.py:645: UserWarning: Usage of dash-separated 'install-scripts' will not be supported in future versions. Please use the underscore name 'install_scripts' instead
[9.576s]   % (opt, underscore_opt))
[9.782s] running egg_info
[9.785s] writing ../../build/robosim/robosim.egg-info/PKG-INFO
[9.786s] writing dependency_links to ../../build/robosim/robosim.egg-info/dependency_links.txt
[9.786s] writing entry points to ../../build/robosim/robosim.egg-info/entry_points.txt
[9.787s] writing requirements to ../../build/robosim/robosim.egg-info/requires.txt
[9.787s] writing top-level names to ../../build/robosim/robosim.egg-info/top_level.txt
[10.071s] reading manifest file '../../build/robosim/robosim.egg-info/SOURCES.txt'
[10.078s] writing manifest file '../../build/robosim/robosim.egg-info/SOURCES.txt'
[10.079s] running build
[10.079s] running build_py
[10.083s] copying robosim/robot_controller.py -> /home/mohak2312/ROS2_JetsonCar/build/robosim/build/lib/robosim
[10.085s] running install
[10.087s] running install_lib
[10.092s] copying /home/mohak2312/ROS2_JetsonCar/build/robosim/build/lib/robosim/robot_controller.py -> /home/mohak2312/ROS2_JetsonCar/install/robosim/lib/python3.6/site-packages/robosim
[10.107s] byte-compiling /home/mohak2312/ROS2_JetsonCar/install/robosim/lib/python3.6/site-packages/robosim/robot_controller.py to robot_controller.cpython-36.pyc
[10.111s] running install_data
[10.116s] running install_egg_info
[10.136s] removing '/home/mohak2312/ROS2_JetsonCar/install/robosim/lib/python3.6/site-packages/robosim-0.0.0-py3.6.egg-info' (and everything under it)
[10.138s] Copying ../../build/robosim/robosim.egg-info to /home/mohak2312/ROS2_JetsonCar/install/robosim/lib/python3.6/site-packages/robosim-0.0.0-py3.6.egg-info
[10.143s] running install_scripts
[10.324s] Installing listener script to /home/mohak2312/ROS2_JetsonCar/install/robosim/lib/robosim
[10.324s] Installing talker script to /home/mohak2312/ROS2_JetsonCar/install/robosim/lib/robosim
[10.326s] writing list of installed files to '/home/mohak2312/ROS2_JetsonCar/build/robosim/install.log'
[10.440s] Invoked command in '/home/mohak2312/ROS2_JetsonCar/src/robosim' returned '0': PYTHONPATH=/home/mohak2312/ROS2_JetsonCar/install/robosim/lib/python3.6/site-packages:${PYTHONPATH} /usr/bin/python3 setup.py egg_info --egg-base ../../build/robosim build --build-base /home/mohak2312/ROS2_JetsonCar/build/robosim/build install --prefix /home/mohak2312/ROS2_JetsonCar/install/robosim --record /home/mohak2312/ROS2_JetsonCar/build/robosim/install.log --single-version-externally-managed
