[4.818s] Invoking command in '/home/mohak2312/ROS2_JetsonCar/src/robosim': PYTHONPATH=/home/mohak2312/ROS2_JetsonCar/install/robosim/lib/python3.6/site-packages:${PYTHONPATH} /usr/bin/python3 setup.py egg_info --egg-base ../../build/robosim build --build-base /home/mohak2312/ROS2_JetsonCar/build/robosim/build install --prefix /home/mohak2312/ROS2_JetsonCar/install/robosim --record /home/mohak2312/ROS2_JetsonCar/build/robosim/install.log --single-version-externally-managed
[7.524s] /home/mohak2312/.local/lib/python3.6/site-packages/setuptools/dist.py:645: UserWarning: Usage of dash-separated 'script-dir' will not be supported in future versions. Please use the underscore name 'script_dir' instead
[7.524s]   % (opt, underscore_opt))
[7.525s] /home/mohak2312/.local/lib/python3.6/site-packages/setuptools/dist.py:645: UserWarning: Usage of dash-separated 'install-scripts' will not be supported in future versions. Please use the underscore name 'install_scripts' instead
[7.525s]   % (opt, underscore_opt))
[7.729s] running egg_info
[7.732s] writing ../../build/robosim/robosim.egg-info/PKG-INFO
[7.734s] writing dependency_links to ../../build/robosim/robosim.egg-info/dependency_links.txt
[7.734s] writing entry points to ../../build/robosim/robosim.egg-info/entry_points.txt
[7.735s] writing requirements to ../../build/robosim/robosim.egg-info/requires.txt
[7.736s] writing top-level names to ../../build/robosim/robosim.egg-info/top_level.txt
[8.030s] reading manifest file '../../build/robosim/robosim.egg-info/SOURCES.txt'
[8.037s] writing manifest file '../../build/robosim/robosim.egg-info/SOURCES.txt'
[8.037s] running build
[8.038s] running build_py
[8.042s] copying robosim/robot_controller.py -> /home/mohak2312/ROS2_JetsonCar/build/robosim/build/lib/robosim
[8.044s] running install
[8.046s] running install_lib
[8.055s] copying /home/mohak2312/ROS2_JetsonCar/build/robosim/build/lib/robosim/robot_controller.py -> /home/mohak2312/ROS2_JetsonCar/install/robosim/lib/python3.6/site-packages/robosim
[8.072s] byte-compiling /home/mohak2312/ROS2_JetsonCar/install/robosim/lib/python3.6/site-packages/robosim/robot_controller.py to robot_controller.cpython-36.pyc
[8.073s] Sorry: TabError: inconsistent use of tabs and spaces in indentation (robot_controller.py, line 52)
[8.074s] running install_data
[8.080s] running install_egg_info
[8.104s] removing '/home/mohak2312/ROS2_JetsonCar/install/robosim/lib/python3.6/site-packages/robosim-0.0.0-py3.6.egg-info' (and everything under it)
[8.107s] Copying ../../build/robosim/robosim.egg-info to /home/mohak2312/ROS2_JetsonCar/install/robosim/lib/python3.6/site-packages/robosim-0.0.0-py3.6.egg-info
[8.112s] running install_scripts
[8.358s] Installing listener script to /home/mohak2312/ROS2_JetsonCar/install/robosim/lib/robosim
[8.359s] Installing talker script to /home/mohak2312/ROS2_JetsonCar/install/robosim/lib/robosim
[8.360s] writing list of installed files to '/home/mohak2312/ROS2_JetsonCar/build/robosim/install.log'
[8.477s] Invoked command in '/home/mohak2312/ROS2_JetsonCar/src/robosim' returned '0': PYTHONPATH=/home/mohak2312/ROS2_JetsonCar/install/robosim/lib/python3.6/site-packages:${PYTHONPATH} /usr/bin/python3 setup.py egg_info --egg-base ../../build/robosim build --build-base /home/mohak2312/ROS2_JetsonCar/build/robosim/build install --prefix /home/mohak2312/ROS2_JetsonCar/install/robosim --record /home/mohak2312/ROS2_JetsonCar/build/robosim/install.log --single-version-externally-managed
