[1.499s] Invoking command in '/home/mohak2312/ROS2_JetsonCar/src/robosim': PYTHONPATH=/home/mohak2312/ROS2_JetsonCar/install/robosim/lib/python3.6/site-packages: /usr/bin/python3 setup.py egg_info --egg-base ../../build/robosim build --build-base /home/mohak2312/ROS2_JetsonCar/build/robosim/build install --prefix /home/mohak2312/ROS2_JetsonCar/install/robosim --record /home/mohak2312/ROS2_JetsonCar/build/robosim/install.log --single-version-externally-managed
[2.686s] /home/mohak2312/.local/lib/python3.6/site-packages/setuptools/dist.py:645: UserWarning: Usage of dash-separated 'script-dir' will not be supported in future versions. Please use the underscore name 'script_dir' instead
[2.687s]   % (opt, underscore_opt))
[2.687s] /home/mohak2312/.local/lib/python3.6/site-packages/setuptools/dist.py:645: UserWarning: Usage of dash-separated 'install-scripts' will not be supported in future versions. Please use the underscore name 'install_scripts' instead
[2.688s]   % (opt, underscore_opt))
[2.854s] running egg_info
[2.857s] writing ../../build/robosim/robosim.egg-info/PKG-INFO
[2.858s] writing dependency_links to ../../build/robosim/robosim.egg-info/dependency_links.txt
[2.858s] writing entry points to ../../build/robosim/robosim.egg-info/entry_points.txt
[2.859s] writing requirements to ../../build/robosim/robosim.egg-info/requires.txt
[2.860s] writing top-level names to ../../build/robosim/robosim.egg-info/top_level.txt
[3.045s] reading manifest file '../../build/robosim/robosim.egg-info/SOURCES.txt'
[3.051s] writing manifest file '../../build/robosim/robosim.egg-info/SOURCES.txt'
[3.053s] running build
[3.053s] running build_py
[3.054s] running install
[3.055s] running install_lib
[3.060s] running install_data
[3.062s] running install_egg_info
[3.069s] removing '/home/mohak2312/ROS2_JetsonCar/install/robosim/lib/python3.6/site-packages/robosim-0.0.0-py3.6.egg-info' (and everything under it)
[3.070s] Copying ../../build/robosim/robosim.egg-info to /home/mohak2312/ROS2_JetsonCar/install/robosim/lib/python3.6/site-packages/robosim-0.0.0-py3.6.egg-info
[3.074s] running install_scripts
[3.157s] Installing listener script to /home/mohak2312/ROS2_JetsonCar/install/robosim/lib/robosim
[3.158s] Installing talker script to /home/mohak2312/ROS2_JetsonCar/install/robosim/lib/robosim
[3.159s] writing list of installed files to '/home/mohak2312/ROS2_JetsonCar/build/robosim/install.log'
[3.266s] Invoked command in '/home/mohak2312/ROS2_JetsonCar/src/robosim' returned '0': PYTHONPATH=/home/mohak2312/ROS2_JetsonCar/install/robosim/lib/python3.6/site-packages: /usr/bin/python3 setup.py egg_info --egg-base ../../build/robosim build --build-base /home/mohak2312/ROS2_JetsonCar/build/robosim/build install --prefix /home/mohak2312/ROS2_JetsonCar/install/robosim --record /home/mohak2312/ROS2_JetsonCar/build/robosim/install.log --single-version-externally-managed
