[1.555s] Invoking command in '/home/mohak2312/ROS2_JetsonCar/src/robosim': PYTHONPATH=/home/mohak2312/ROS2_JetsonCar/install/robosim/lib/python3.6/site-packages: /usr/bin/python3 setup.py egg_info --egg-base ../../build/robosim build --build-base /home/mohak2312/ROS2_JetsonCar/build/robosim/build install --prefix /home/mohak2312/ROS2_JetsonCar/install/robosim --record /home/mohak2312/ROS2_JetsonCar/build/robosim/install.log --single-version-externally-managed
[2.759s] /home/mohak2312/.local/lib/python3.6/site-packages/setuptools/dist.py:645: UserWarning: Usage of dash-separated 'script-dir' will not be supported in future versions. Please use the underscore name 'script_dir' instead
[2.760s]   % (opt, underscore_opt))
[2.760s] /home/mohak2312/.local/lib/python3.6/site-packages/setuptools/dist.py:645: UserWarning: Usage of dash-separated 'install-scripts' will not be supported in future versions. Please use the underscore name 'install_scripts' instead
[2.761s]   % (opt, underscore_opt))
[2.938s] running egg_info
[2.941s] writing ../../build/robosim/robosim.egg-info/PKG-INFO
[2.942s] writing dependency_links to ../../build/robosim/robosim.egg-info/dependency_links.txt
[2.943s] writing entry points to ../../build/robosim/robosim.egg-info/entry_points.txt
[2.944s] writing requirements to ../../build/robosim/robosim.egg-info/requires.txt
[2.945s] writing top-level names to ../../build/robosim/robosim.egg-info/top_level.txt
[3.181s] reading manifest file '../../build/robosim/robosim.egg-info/SOURCES.txt'
[3.188s] writing manifest file '../../build/robosim/robosim.egg-info/SOURCES.txt'
[3.189s] running build
[3.189s] running build_py
[3.206s] copying robosim/robot_controller.py -> /home/mohak2312/ROS2_JetsonCar/build/robosim/build/lib/robosim
[3.209s] running install
[3.211s] running install_lib
[3.216s] copying /home/mohak2312/ROS2_JetsonCar/build/robosim/build/lib/robosim/robot_controller.py -> /home/mohak2312/ROS2_JetsonCar/install/robosim/lib/python3.6/site-packages/robosim
[3.224s] byte-compiling /home/mohak2312/ROS2_JetsonCar/install/robosim/lib/python3.6/site-packages/robosim/robot_controller.py to robot_controller.cpython-36.pyc
[3.229s] running install_data
[3.239s] copying package.xml -> /home/mohak2312/ROS2_JetsonCar/install/robosim/share/robosim
[3.240s] running install_egg_info
[3.251s] removing '/home/mohak2312/ROS2_JetsonCar/install/robosim/lib/python3.6/site-packages/robosim-0.0.0-py3.6.egg-info' (and everything under it)
[3.254s] Copying ../../build/robosim/robosim.egg-info to /home/mohak2312/ROS2_JetsonCar/install/robosim/lib/python3.6/site-packages/robosim-0.0.0-py3.6.egg-info
[3.259s] running install_scripts
[3.353s] Installing listener script to /home/mohak2312/ROS2_JetsonCar/install/robosim/lib/robosim
[3.354s] Installing talker script to /home/mohak2312/ROS2_JetsonCar/install/robosim/lib/robosim
[3.356s] writing list of installed files to '/home/mohak2312/ROS2_JetsonCar/build/robosim/install.log'
[3.464s] Invoked command in '/home/mohak2312/ROS2_JetsonCar/src/robosim' returned '0': PYTHONPATH=/home/mohak2312/ROS2_JetsonCar/install/robosim/lib/python3.6/site-packages: /usr/bin/python3 setup.py egg_info --egg-base ../../build/robosim build --build-base /home/mohak2312/ROS2_JetsonCar/build/robosim/build install --prefix /home/mohak2312/ROS2_JetsonCar/install/robosim --record /home/mohak2312/ROS2_JetsonCar/build/robosim/install.log --single-version-externally-managed
