[1.537s] Invoking command in '/home/mohak2312/ROS2_JetsonCar/src/robosim': PYTHONPATH=/home/mohak2312/ROS2_JetsonCar/install/robosim/lib/python3.6/site-packages: /usr/bin/python3 setup.py egg_info --egg-base ../../build/robosim build --build-base /home/mohak2312/ROS2_JetsonCar/build/robosim/build install --prefix /home/mohak2312/ROS2_JetsonCar/install/robosim --record /home/mohak2312/ROS2_JetsonCar/build/robosim/install.log --single-version-externally-managed
[2.759s] /home/mohak2312/.local/lib/python3.6/site-packages/setuptools/dist.py:645: UserWarning: Usage of dash-separated 'script-dir' will not be supported in future versions. Please use the underscore name 'script_dir' instead
[2.760s]   % (opt, underscore_opt))
[2.760s] /home/mohak2312/.local/lib/python3.6/site-packages/setuptools/dist.py:645: UserWarning: Usage of dash-separated 'install-scripts' will not be supported in future versions. Please use the underscore name 'install_scripts' instead
[2.761s]   % (opt, underscore_opt))
[2.934s] running egg_info
[2.937s] writing ../../build/robosim/robosim.egg-info/PKG-INFO
[2.938s] writing dependency_links to ../../build/robosim/robosim.egg-info/dependency_links.txt
[2.939s] writing entry points to ../../build/robosim/robosim.egg-info/entry_points.txt
[2.940s] writing requirements to ../../build/robosim/robosim.egg-info/requires.txt
[2.941s] writing top-level names to ../../build/robosim/robosim.egg-info/top_level.txt
[3.133s] reading manifest file '../../build/robosim/robosim.egg-info/SOURCES.txt'
[3.142s] writing manifest file '../../build/robosim/robosim.egg-info/SOURCES.txt'
[3.142s] running build
[3.143s] running build_py
[3.144s] running install
[3.145s] running install_lib
[3.151s] running install_data
[3.153s] running install_egg_info
[3.161s] removing '/home/mohak2312/ROS2_JetsonCar/install/robosim/lib/python3.6/site-packages/robosim-0.0.0-py3.6.egg-info' (and everything under it)
[3.163s] Copying ../../build/robosim/robosim.egg-info to /home/mohak2312/ROS2_JetsonCar/install/robosim/lib/python3.6/site-packages/robosim-0.0.0-py3.6.egg-info
[3.167s] running install_scripts
[3.260s] Installing listener script to /home/mohak2312/ROS2_JetsonCar/install/robosim/lib/robosim
[3.261s] Installing talker script to /home/mohak2312/ROS2_JetsonCar/install/robosim/lib/robosim
[3.262s] writing list of installed files to '/home/mohak2312/ROS2_JetsonCar/build/robosim/install.log'
[3.366s] Invoked command in '/home/mohak2312/ROS2_JetsonCar/src/robosim' returned '0': PYTHONPATH=/home/mohak2312/ROS2_JetsonCar/install/robosim/lib/python3.6/site-packages: /usr/bin/python3 setup.py egg_info --egg-base ../../build/robosim build --build-base /home/mohak2312/ROS2_JetsonCar/build/robosim/build install --prefix /home/mohak2312/ROS2_JetsonCar/install/robosim --record /home/mohak2312/ROS2_JetsonCar/build/robosim/install.log --single-version-externally-managed
