/home/mohak2312/.local/lib/python3.6/site-packages/setuptools/dist.py:645: UserWarning: Usage of dash-separated 'script-dir' will not be supported in future versions. Please use the underscore name 'script_dir' instead
  % (opt, underscore_opt))
/home/mohak2312/.local/lib/python3.6/site-packages/setuptools/dist.py:645: UserWarning: Usage of dash-separated 'install-scripts' will not be supported in future versions. Please use the underscore name 'install_scripts' instead
  % (opt, underscore_opt))
running egg_info
writing ../../build/robosim/robosim.egg-info/PKG-INFO
writing dependency_links to ../../build/robosim/robosim.egg-info/dependency_links.txt
writing entry points to ../../build/robosim/robosim.egg-info/entry_points.txt
writing requirements to ../../build/robosim/robosim.egg-info/requires.txt
writing top-level names to ../../build/robosim/robosim.egg-info/top_level.txt
reading manifest file '../../build/robosim/robosim.egg-info/SOURCES.txt'
writing manifest file '../../build/robosim/robosim.egg-info/SOURCES.txt'
running build
running build_py
copying robosim/robot_controller.py -> /home/mohak2312/ROS2_JetsonCar/build/robosim/build/lib/robosim
running install
running install_lib
copying /home/mohak2312/ROS2_JetsonCar/build/robosim/build/lib/robosim/robot_controller.py -> /home/mohak2312/ROS2_JetsonCar/install/robosim/lib/python3.6/site-packages/robosim
byte-compiling /home/mohak2312/ROS2_JetsonCar/install/robosim/lib/python3.6/site-packages/robosim/robot_controller.py to robot_controller.cpython-36.pyc
running install_data
creating /home/mohak2312/ROS2_JetsonCar/install/robosim/share/robosim/launch
error: can't copy '*.launch.py': doesn't exist or not a regular file
