[4.630s] DEBUG:colcon:Command line arguments: ['/usr/bin/colcon', 'build', '--packages-select', 'robosim']
[4.630s] DEBUG:colcon:Parsed command line arguments: Namespace(ament_cmake_args=None, base_paths=['.'], build_base='build', catkin_cmake_args=None, catkin_skip_building_tests=False, cmake_args=None, cmake_clean_cache=False, cmake_clean_first=False, cmake_force_configure=False, cmake_target=None, cmake_target_skip_unavailable=False, continue_on_error=False, event_handlers=None, executor='parallel', ignore_user_meta=False, install_base='install', log_base=None, log_level=None, main=<bound method BuildVerb.main of <colcon_core.verb.build.BuildVerb object at 0x7f82511780>>, merge_install=False, metas=['./colcon.meta'], packages_above=None, packages_above_and_dependencies=None, packages_above_depth=None, packages_end=None, packages_ignore=None, packages_ignore_regex=None, packages_select=['robosim'], packages_select_build_failed=False, packages_select_by_dep=None, packages_select_regex=None, packages_select_test_failures=False, packages_skip=None, packages_skip_build_finished=False, packages_skip_by_dep=None, packages_skip_regex=None, packages_skip_test_passed=False, packages_skip_up_to=None, packages_start=None, packages_up_to=None, packages_up_to_regex=None, parallel_workers=4, paths=None, symlink_install=False, test_result_base=None, verb_extension=<colcon_core.verb.build.BuildVerb object at 0x7f82511780>, verb_name='build', verb_parser=<colcon_defaults.argument_parser.defaults.DefaultArgumentsDecorator object at 0x7f82511b00>)
[4.722s] Level 1:colcon.colcon_core.package_discovery:discover_packages(colcon_meta) check parameters
[4.723s] Level 1:colcon.colcon_core.package_discovery:discover_packages(recursive) check parameters
[4.723s] Level 1:colcon.colcon_core.package_discovery:discover_packages(ignore) check parameters
[4.723s] Level 1:colcon.colcon_core.package_discovery:discover_packages(path) check parameters
[4.724s] Level 1:colcon.colcon_core.package_discovery:discover_packages(colcon_meta) discover
[4.725s] Level 1:colcon.colcon_core.package_discovery:discover_packages(recursive) discover
[4.725s] INFO:colcon.colcon_core.package_discovery:Crawling recursively for packages in '/home/mohak2312/ROS2_JetsonCar'
[4.726s] Level 1:colcon.colcon_core.package_identification:_identify(.) by extensions ['ignore', 'ignore_ament_install']
[4.726s] Level 1:colcon.colcon_core.package_identification:_identify(.) by extension 'ignore'
[4.727s] Level 1:colcon.colcon_core.package_identification:_identify(.) by extension 'ignore_ament_install'
[4.727s] Level 1:colcon.colcon_core.package_identification:_identify(.) by extensions ['colcon_pkg']
[4.727s] Level 1:colcon.colcon_core.package_identification:_identify(.) by extension 'colcon_pkg'
[4.727s] Level 1:colcon.colcon_core.package_identification:_identify(.) by extensions ['colcon_meta']
[4.728s] Level 1:colcon.colcon_core.package_identification:_identify(.) by extension 'colcon_meta'
[4.728s] Level 1:colcon.colcon_core.package_identification:_identify(.) by extensions ['ros']
[4.728s] Level 1:colcon.colcon_core.package_identification:_identify(.) by extension 'ros'
[4.863s] Level 1:colcon.colcon_core.package_identification:_identify(.) by extensions ['cmake', 'python']
[4.863s] Level 1:colcon.colcon_core.package_identification:_identify(.) by extension 'cmake'
[4.863s] Level 1:colcon.colcon_core.package_identification:_identify(.) by extension 'python'
[4.864s] Level 1:colcon.colcon_core.package_identification:_identify(.) by extensions ['python_setup_py']
[4.864s] Level 1:colcon.colcon_core.package_identification:_identify(.) by extension 'python_setup_py'
[4.864s] Level 1:colcon.colcon_core.package_identification:_identify(build) by extensions ['ignore', 'ignore_ament_install']
[4.865s] Level 1:colcon.colcon_core.package_identification:_identify(build) by extension 'ignore'
[4.865s] Level 1:colcon.colcon_core.package_identification:_identify(build) ignored
[4.867s] Level 1:colcon.colcon_core.package_identification:_identify(install) by extensions ['ignore', 'ignore_ament_install']
[4.868s] Level 1:colcon.colcon_core.package_identification:_identify(install) by extension 'ignore'
[4.868s] Level 1:colcon.colcon_core.package_identification:_identify(install) ignored
[4.869s] Level 1:colcon.colcon_core.package_identification:_identify(log) by extensions ['ignore', 'ignore_ament_install']
[4.869s] Level 1:colcon.colcon_core.package_identification:_identify(log) by extension 'ignore'
[4.869s] Level 1:colcon.colcon_core.package_identification:_identify(log) ignored
[4.870s] Level 1:colcon.colcon_core.package_identification:_identify(src) by extensions ['ignore', 'ignore_ament_install']
[4.870s] Level 1:colcon.colcon_core.package_identification:_identify(src) by extension 'ignore'
[4.870s] Level 1:colcon.colcon_core.package_identification:_identify(src) by extension 'ignore_ament_install'
[4.871s] Level 1:colcon.colcon_core.package_identification:_identify(src) by extensions ['colcon_pkg']
[4.871s] Level 1:colcon.colcon_core.package_identification:_identify(src) by extension 'colcon_pkg'
[4.871s] Level 1:colcon.colcon_core.package_identification:_identify(src) by extensions ['colcon_meta']
[4.871s] Level 1:colcon.colcon_core.package_identification:_identify(src) by extension 'colcon_meta'
[4.871s] Level 1:colcon.colcon_core.package_identification:_identify(src) by extensions ['ros']
[4.872s] Level 1:colcon.colcon_core.package_identification:_identify(src) by extension 'ros'
[4.872s] Level 1:colcon.colcon_core.package_identification:_identify(src) by extensions ['cmake', 'python']
[4.872s] Level 1:colcon.colcon_core.package_identification:_identify(src) by extension 'cmake'
[4.873s] Level 1:colcon.colcon_core.package_identification:_identify(src) by extension 'python'
[4.873s] Level 1:colcon.colcon_core.package_identification:_identify(src) by extensions ['python_setup_py']
[4.873s] Level 1:colcon.colcon_core.package_identification:_identify(src) by extension 'python_setup_py'
[4.874s] Level 1:colcon.colcon_core.package_identification:_identify(src/robosim) by extensions ['ignore', 'ignore_ament_install']
[4.874s] Level 1:colcon.colcon_core.package_identification:_identify(src/robosim) by extension 'ignore'
[4.874s] Level 1:colcon.colcon_core.package_identification:_identify(src/robosim) by extension 'ignore_ament_install'
[4.875s] Level 1:colcon.colcon_core.package_identification:_identify(src/robosim) by extensions ['colcon_pkg']
[4.875s] Level 1:colcon.colcon_core.package_identification:_identify(src/robosim) by extension 'colcon_pkg'
[4.875s] Level 1:colcon.colcon_core.package_identification:_identify(src/robosim) by extensions ['colcon_meta']
[4.875s] Level 1:colcon.colcon_core.package_identification:_identify(src/robosim) by extension 'colcon_meta'
[4.876s] Level 1:colcon.colcon_core.package_identification:_identify(src/robosim) by extensions ['ros']
[4.876s] Level 1:colcon.colcon_core.package_identification:_identify(src/robosim) by extension 'ros'
[4.895s] DEBUG:colcon.colcon_core.package_identification:Package 'src/robosim' with type 'ros.ament_python' and name 'robosim'
[4.895s] Level 1:colcon.colcon_core.package_discovery:discover_packages(recursive) using defaults
[4.896s] Level 1:colcon.colcon_core.package_discovery:discover_packages(ignore) discover
[4.896s] Level 1:colcon.colcon_core.package_discovery:discover_packages(ignore) using defaults
[4.897s] Level 1:colcon.colcon_core.package_discovery:discover_packages(path) discover
[4.897s] Level 1:colcon.colcon_core.package_discovery:discover_packages(path) using defaults
[5.145s] Level 5:colcon.colcon_core.verb:set package 'robosim' build argument 'cmake_args' from command line to 'None'
[5.145s] Level 5:colcon.colcon_core.verb:set package 'robosim' build argument 'cmake_target' from command line to 'None'
[5.145s] Level 5:colcon.colcon_core.verb:set package 'robosim' build argument 'cmake_target_skip_unavailable' from command line to 'False'
[5.146s] Level 5:colcon.colcon_core.verb:set package 'robosim' build argument 'cmake_clean_cache' from command line to 'False'
[5.146s] Level 5:colcon.colcon_core.verb:set package 'robosim' build argument 'cmake_clean_first' from command line to 'False'
[5.146s] Level 5:colcon.colcon_core.verb:set package 'robosim' build argument 'cmake_force_configure' from command line to 'False'
[5.146s] Level 5:colcon.colcon_core.verb:set package 'robosim' build argument 'ament_cmake_args' from command line to 'None'
[5.146s] Level 5:colcon.colcon_core.verb:set package 'robosim' build argument 'catkin_cmake_args' from command line to 'None'
[5.147s] Level 5:colcon.colcon_core.verb:set package 'robosim' build argument 'catkin_skip_building_tests' from command line to 'False'
[5.147s] DEBUG:colcon.colcon_core.verb:Building package 'robosim' with the following arguments: {'ament_cmake_args': None, 'build_base': '/home/mohak2312/ROS2_JetsonCar/build/robosim', 'catkin_cmake_args': None, 'catkin_skip_building_tests': False, 'cmake_args': None, 'cmake_clean_cache': False, 'cmake_clean_first': False, 'cmake_force_configure': False, 'cmake_target': None, 'cmake_target_skip_unavailable': False, 'install_base': '/home/mohak2312/ROS2_JetsonCar/install/robosim', 'merge_install': False, 'path': '/home/mohak2312/ROS2_JetsonCar/src/robosim', 'symlink_install': False, 'test_result_base': None}
[5.150s] INFO:colcon.colcon_core.executor:Executing jobs using 'parallel' executor
[5.166s] DEBUG:colcon.colcon_parallel_executor.executor.parallel:run_until_complete
[5.167s] INFO:colcon.colcon_ros.task.ament_python.build:Building ROS package in '/home/mohak2312/ROS2_JetsonCar/src/robosim' with build type 'ament_python'
[5.168s] Level 1:colcon.colcon_core.shell:create_environment_hook('robosim', 'ament_prefix_path')
[5.226s] INFO:colcon.colcon_core.plugin_system:Skipping extension 'colcon_core.shell.bat': Not used on non-Windows systems
[5.227s] INFO:colcon.colcon_core.shell:Creating environment hook '/home/mohak2312/ROS2_JetsonCar/install/robosim/share/robosim/hook/ament_prefix_path.ps1'
[5.236s] INFO:colcon.colcon_core.shell:Creating environment descriptor '/home/mohak2312/ROS2_JetsonCar/install/robosim/share/robosim/hook/ament_prefix_path.dsv'
[5.239s] INFO:colcon.colcon_core.shell:Creating environment hook '/home/mohak2312/ROS2_JetsonCar/install/robosim/share/robosim/hook/ament_prefix_path.sh'
[5.247s] INFO:colcon.colcon_core.shell:Skip shell extension 'powershell' for command environment: Not usable outside of PowerShell
[5.247s] DEBUG:colcon.colcon_core.shell:Skip shell extension 'dsv' for command environment
[9.783s] INFO:colcon.colcon_core.task.python.build:Building Python package in '/home/mohak2312/ROS2_JetsonCar/src/robosim'
[9.789s] INFO:colcon.colcon_core.shell:Skip shell extension 'powershell' for command environment: Not usable outside of PowerShell
[9.790s] DEBUG:colcon.colcon_core.shell:Skip shell extension 'dsv' for command environment
[9.977s] DEBUG:colcon.colcon_core.event_handler.log_command:Invoking command in '/home/mohak2312/ROS2_JetsonCar/src/robosim': PYTHONPATH=/home/mohak2312/ROS2_JetsonCar/install/robosim/lib/python3.6/site-packages:${PYTHONPATH} /usr/bin/python3 setup.py egg_info --egg-base ../../build/robosim build --build-base /home/mohak2312/ROS2_JetsonCar/build/robosim/build install --prefix /home/mohak2312/ROS2_JetsonCar/install/robosim --record /home/mohak2312/ROS2_JetsonCar/build/robosim/install.log --single-version-externally-managed
[13.592s] DEBUG:colcon.colcon_core.event_handler.log_command:Invoked command in '/home/mohak2312/ROS2_JetsonCar/src/robosim' returned '0': PYTHONPATH=/home/mohak2312/ROS2_JetsonCar/install/robosim/lib/python3.6/site-packages:${PYTHONPATH} /usr/bin/python3 setup.py egg_info --egg-base ../../build/robosim build --build-base /home/mohak2312/ROS2_JetsonCar/build/robosim/build install --prefix /home/mohak2312/ROS2_JetsonCar/install/robosim --record /home/mohak2312/ROS2_JetsonCar/build/robosim/install.log --single-version-externally-managed
[13.679s] Level 1:colcon.colcon_core.environment:checking '/home/mohak2312/ROS2_JetsonCar/install/robosim' for CMake module files
[13.682s] Level 1:colcon.colcon_core.environment:checking '/home/mohak2312/ROS2_JetsonCar/install/robosim' for CMake config files
[13.686s] Level 1:colcon.colcon_core.environment:checking '/home/mohak2312/ROS2_JetsonCar/install/robosim/lib'
[13.687s] Level 1:colcon.colcon_core.environment:checking '/home/mohak2312/ROS2_JetsonCar/install/robosim/bin'
[13.688s] Level 1:colcon.colcon_core.environment:checking '/home/mohak2312/ROS2_JetsonCar/install/robosim/lib/pkgconfig/robosim.pc'
[13.688s] Level 1:colcon.colcon_core.environment:checking '/home/mohak2312/ROS2_JetsonCar/install/robosim/lib/python3.6/site-packages'
[13.688s] Level 1:colcon.colcon_core.shell:create_environment_hook('robosim', 'pythonpath')
[13.693s] INFO:colcon.colcon_core.shell:Creating environment hook '/home/mohak2312/ROS2_JetsonCar/install/robosim/share/robosim/hook/pythonpath.ps1'
[13.696s] INFO:colcon.colcon_core.shell:Creating environment descriptor '/home/mohak2312/ROS2_JetsonCar/install/robosim/share/robosim/hook/pythonpath.dsv'
[13.699s] INFO:colcon.colcon_core.shell:Creating environment hook '/home/mohak2312/ROS2_JetsonCar/install/robosim/share/robosim/hook/pythonpath.sh'
[13.702s] Level 1:colcon.colcon_core.environment:create_environment_scripts_only(robosim)
[13.707s] INFO:colcon.colcon_core.shell:Creating package script '/home/mohak2312/ROS2_JetsonCar/install/robosim/share/robosim/package.ps1'
[13.713s] INFO:colcon.colcon_core.shell:Creating package descriptor '/home/mohak2312/ROS2_JetsonCar/install/robosim/share/robosim/package.dsv'
[13.717s] INFO:colcon.colcon_core.shell:Creating package script '/home/mohak2312/ROS2_JetsonCar/install/robosim/share/robosim/package.sh'
[13.722s] INFO:colcon.colcon_core.shell:Creating package script '/home/mohak2312/ROS2_JetsonCar/install/robosim/share/robosim/package.bash'
[13.727s] INFO:colcon.colcon_core.shell:Creating package script '/home/mohak2312/ROS2_JetsonCar/install/robosim/share/robosim/package.zsh'
[13.733s] Level 1:colcon.colcon_core.environment:create_file_with_runtime_dependencies(/home/mohak2312/ROS2_JetsonCar/install/robosim/share/colcon-core/packages/robosim)
[13.735s] DEBUG:colcon.colcon_parallel_executor.executor.parallel:closing loop
[13.736s] DEBUG:colcon.colcon_parallel_executor.executor.parallel:loop closed
[13.737s] DEBUG:colcon.colcon_parallel_executor.executor.parallel:run_until_complete finished with '0'
[13.738s] DEBUG:colcon.colcon_core.event_reactor:joining thread
[13.846s] INFO:colcon.colcon_core.plugin_system:Skipping extension 'colcon_notification.desktop_notification.terminal_notifier': Not used on non-Darwin systems
[13.846s] INFO:colcon.colcon_core.plugin_system:Skipping extension 'colcon_notification.desktop_notification.win32': Not used on non-Windows systems
[13.847s] INFO:colcon.colcon_notification.desktop_notification:Sending desktop notification using 'notify2'
[14.076s] DEBUG:colcon.colcon_core.event_reactor:joined thread
[14.082s] INFO:colcon.colcon_core.shell:Creating prefix script '/home/mohak2312/ROS2_JetsonCar/install/local_setup.ps1'
[14.089s] INFO:colcon.colcon_core.shell:Creating prefix util module '/home/mohak2312/ROS2_JetsonCar/install/_local_setup_util_ps1.py'
[14.126s] INFO:colcon.colcon_core.shell:Creating prefix chain script '/home/mohak2312/ROS2_JetsonCar/install/setup.ps1'
[14.217s] INFO:colcon.colcon_core.shell:Creating prefix script '/home/mohak2312/ROS2_JetsonCar/install/local_setup.sh'
[14.221s] INFO:colcon.colcon_core.shell:Creating prefix util module '/home/mohak2312/ROS2_JetsonCar/install/_local_setup_util_sh.py'
[14.223s] INFO:colcon.colcon_core.shell:Creating prefix chain script '/home/mohak2312/ROS2_JetsonCar/install/setup.sh'
[14.308s] INFO:colcon.colcon_core.shell:Creating prefix script '/home/mohak2312/ROS2_JetsonCar/install/local_setup.bash'
[14.312s] INFO:colcon.colcon_core.shell:Creating prefix chain script '/home/mohak2312/ROS2_JetsonCar/install/setup.bash'
[14.393s] INFO:colcon.colcon_core.shell:Creating prefix script '/home/mohak2312/ROS2_JetsonCar/install/local_setup.zsh'
[14.397s] INFO:colcon.colcon_core.shell:Creating prefix chain script '/home/mohak2312/ROS2_JetsonCar/install/setup.zsh'
